{"/home/titux/webdev/labo/20250928-vite-react-chess-game-learning/src/App.tsx": {"path":"/home/titux/webdev/labo/20250928-vite-react-chess-game-learning/src/App.tsx","all":true,"statementMap":{"0":{"start":{"line":1,"column":0},"end":{"line":1,"column":48}},"2":{"start":{"line":3,"column":0},"end":{"line":3,"column":58}},"3":{"start":{"line":4,"column":0},"end":{"line":4,"column":54}},"4":{"start":{"line":5,"column":0},"end":{"line":5,"column":55}},"5":{"start":{"line":6,"column":0},"end":{"line":6,"column":43}},"7":{"start":{"line":8,"column":0},"end":{"line":8,"column":26}},"8":{"start":{"line":9,"column":0},"end":{"line":9,"column":10}},"9":{"start":{"line":10,"column":0},"end":{"line":10,"column":19}},"10":{"start":{"line":11,"column":0},"end":{"line":11,"column":48}},"11":{"start":{"line":12,"column":0},"end":{"line":12,"column":16}},"12":{"start":{"line":13,"column":0},"end":{"line":13,"column":51}},"13":{"start":{"line":14,"column":0},"end":{"line":14,"column":87}},"14":{"start":{"line":15,"column":0},"end":{"line":15,"column":82}},"15":{"start":{"line":16,"column":0},"end":{"line":16,"column":17}},"16":{"start":{"line":17,"column":0},"end":{"line":17,"column":12}},"17":{"start":{"line":18,"column":0},"end":{"line":18,"column":20}},"19":{"start":{"line":20,"column":0},"end":{"line":20,"column":1}}},"s":{"0":0,"2":0,"3":0,"4":0,"5":0,"7":0,"8":0,"9":0,"10":0,"11":0,"12":0,"13":0,"14":0,"15":0,"16":0,"17":0,"19":0},"branchMap":{"0":{"type":"branch","line":1,"loc":{"start":{"line":1,"column":669},"end":{"line":20,"column":1}},"locations":[{"start":{"line":1,"column":669},"end":{"line":20,"column":1}}]}},"b":{"0":[0]},"fnMap":{"0":{"name":"(empty-report)","decl":{"start":{"line":1,"column":669},"end":{"line":20,"column":1}},"loc":{"start":{"line":1,"column":669},"end":{"line":20,"column":1}},"line":1}},"f":{"0":0}}
,"/home/titux/webdev/labo/20250928-vite-react-chess-game-learning/src/main.tsx": {"path":"/home/titux/webdev/labo/20250928-vite-react-chess-game-learning/src/main.tsx","all":true,"statementMap":{"0":{"start":{"line":1,"column":0},"end":{"line":1,"column":34}},"1":{"start":{"line":2,"column":0},"end":{"line":2,"column":45}},"2":{"start":{"line":3,"column":0},"end":{"line":3,"column":48}},"3":{"start":{"line":4,"column":0},"end":{"line":4,"column":27}},"4":{"start":{"line":5,"column":0},"end":{"line":5,"column":20}},"6":{"start":{"line":7,"column":0},"end":{"line":7,"column":44}},"7":{"start":{"line":8,"column":0},"end":{"line":8,"column":12}},"8":{"start":{"line":9,"column":0},"end":{"line":9,"column":43}},"9":{"start":{"line":10,"column":0},"end":{"line":10,"column":1}},"11":{"start":{"line":12,"column":0},"end":{"line":12,"column":24}},"12":{"start":{"line":13,"column":0},"end":{"line":13,"column":14}},"13":{"start":{"line":14,"column":0},"end":{"line":14,"column":19}},"14":{"start":{"line":15,"column":0},"end":{"line":15,"column":13}},"15":{"start":{"line":16,"column":0},"end":{"line":16,"column":20}},"16":{"start":{"line":17,"column":0},"end":{"line":17,"column":15}},"17":{"start":{"line":18,"column":0},"end":{"line":18,"column":1}}},"s":{"0":0,"1":0,"2":0,"3":0,"4":0,"6":0,"7":0,"8":0,"9":0,"11":0,"12":0,"13":0,"14":0,"15":0,"16":0,"17":0},"branchMap":{"0":{"type":"branch","line":1,"loc":{"start":{"line":1,"column":351},"end":{"line":18,"column":-267}},"locations":[{"start":{"line":1,"column":351},"end":{"line":18,"column":-267}}]}},"b":{"0":[0]},"fnMap":{"0":{"name":"(empty-report)","decl":{"start":{"line":1,"column":351},"end":{"line":18,"column":-267}},"loc":{"start":{"line":1,"column":351},"end":{"line":18,"column":-267}},"line":1}},"f":{"0":0}}
,"/home/titux/webdev/labo/20250928-vite-react-chess-game-learning/src/components/Button.tsx": {"path":"/home/titux/webdev/labo/20250928-vite-react-chess-game-learning/src/components/Button.tsx","all":false,"statementMap":{"11":{"start":{"line":12,"column":0},"end":{"line":12,"column":24}},"12":{"start":{"line":13,"column":0},"end":{"line":13,"column":11}},"13":{"start":{"line":14,"column":0},"end":{"line":14,"column":10}},"14":{"start":{"line":15,"column":0},"end":{"line":15,"column":19}},"15":{"start":{"line":16,"column":0},"end":{"line":16,"column":22}},"16":{"start":{"line":17,"column":0},"end":{"line":17,"column":17}},"17":{"start":{"line":18,"column":0},"end":{"line":18,"column":25}},"18":{"start":{"line":19,"column":0},"end":{"line":19,"column":20}},"19":{"start":{"line":20,"column":0},"end":{"line":20,"column":21}},"20":{"start":{"line":21,"column":0},"end":{"line":21,"column":184}},"22":{"start":{"line":23,"column":0},"end":{"line":23,"column":26}},"23":{"start":{"line":24,"column":0},"end":{"line":24,"column":21}},"24":{"start":{"line":25,"column":0},"end":{"line":25,"column":77}},"25":{"start":{"line":26,"column":0},"end":{"line":26,"column":57}},"26":{"start":{"line":27,"column":0},"end":{"line":27,"column":61}},"27":{"start":{"line":28,"column":0},"end":{"line":28,"column":58}},"28":{"start":{"line":29,"column":0},"end":{"line":29,"column":3}},"30":{"start":{"line":31,"column":0},"end":{"line":31,"column":10}},"31":{"start":{"line":32,"column":0},"end":{"line":32,"column":11}},"32":{"start":{"line":33,"column":0},"end":{"line":33,"column":23}},"33":{"start":{"line":34,"column":0},"end":{"line":34,"column":25}},"34":{"start":{"line":35,"column":0},"end":{"line":35,"column":74}},"35":{"start":{"line":36,"column":0},"end":{"line":36,"column":28}},"37":{"start":{"line":38,"column":0},"end":{"line":38,"column":16}},"38":{"start":{"line":39,"column":0},"end":{"line":39,"column":13}},"40":{"start":{"line":41,"column":0},"end":{"line":41,"column":1}}},"s":{"11":1,"12":447,"13":447,"14":447,"15":447,"16":447,"17":447,"18":447,"19":447,"20":447,"22":447,"23":447,"24":117,"25":330,"26":447,"27":447,"28":447,"30":447,"31":447,"32":447,"33":447,"34":447,"35":447,"37":447,"38":447,"40":447},"branchMap":{"0":{"type":"branch","line":12,"loc":{"start":{"line":12,"column":22},"end":{"line":41,"column":1}},"locations":[{"start":{"line":12,"column":22},"end":{"line":41,"column":1}}]},"1":{"type":"branch","line":24,"loc":{"start":{"line":24,"column":13},"end":{"line":25,"column":77}},"locations":[{"start":{"line":24,"column":13},"end":{"line":25,"column":77}}]},"2":{"type":"branch","line":25,"loc":{"start":{"line":25,"column":8},"end":{"line":26,"column":57}},"locations":[{"start":{"line":25,"column":8},"end":{"line":26,"column":57}}]}},"b":{"0":[447],"1":[117],"2":[330]},"fnMap":{"0":{"name":"Button","decl":{"start":{"line":12,"column":22},"end":{"line":41,"column":1}},"loc":{"start":{"line":12,"column":22},"end":{"line":41,"column":1}},"line":12}},"f":{"0":447}}
,"/home/titux/webdev/labo/20250928-vite-react-chess-game-learning/src/components/ErrorBoundary.tsx": {"path":"/home/titux/webdev/labo/20250928-vite-react-chess-game-learning/src/components/ErrorBoundary.tsx","all":false,"statementMap":{"1":{"start":{"line":2,"column":0},"end":{"line":2,"column":89}},"2":{"start":{"line":3,"column":0},"end":{"line":3,"column":46}},"3":{"start":{"line":4,"column":0},"end":{"line":4,"column":33}},"10":{"start":{"line":11,"column":0},"end":{"line":11,"column":73}},"11":{"start":{"line":12,"column":0},"end":{"line":12,"column":32}},"12":{"start":{"line":13,"column":0},"end":{"line":13,"column":10}},"13":{"start":{"line":14,"column":0},"end":{"line":14,"column":79}},"14":{"start":{"line":15,"column":0},"end":{"line":15,"column":39}},"15":{"start":{"line":16,"column":0},"end":{"line":16,"column":47}},"16":{"start":{"line":17,"column":0},"end":{"line":17,"column":97}},"17":{"start":{"line":18,"column":0},"end":{"line":18,"column":51}},"19":{"start":{"line":20,"column":0},"end":{"line":20,"column":12}},"20":{"start":{"line":21,"column":0},"end":{"line":21,"column":35}},"21":{"start":{"line":22,"column":0},"end":{"line":22,"column":65}},"23":{"start":{"line":24,"column":0},"end":{"line":24,"column":19}},"24":{"start":{"line":25,"column":0},"end":{"line":25,"column":68}},"26":{"start":{"line":27,"column":0},"end":{"line":27,"column":19}},"27":{"start":{"line":28,"column":0},"end":{"line":28,"column":14}},"28":{"start":{"line":29,"column":0},"end":{"line":29,"column":61}},"29":{"start":{"line":30,"column":0},"end":{"line":30,"column":46}},"30":{"start":{"line":31,"column":0},"end":{"line":31,"column":67}},"32":{"start":{"line":33,"column":0},"end":{"line":33,"column":22}},"33":{"start":{"line":34,"column":0},"end":{"line":34,"column":88}},"34":{"start":{"line":35,"column":0},"end":{"line":35,"column":27}},"35":{"start":{"line":36,"column":0},"end":{"line":36,"column":18}},"36":{"start":{"line":37,"column":0},"end":{"line":37,"column":20}},"38":{"start":{"line":39,"column":0},"end":{"line":39,"column":12}},"39":{"start":{"line":40,"column":0},"end":{"line":40,"column":10}},"41":{"start":{"line":42,"column":0},"end":{"line":42,"column":1}},"43":{"start":{"line":44,"column":0},"end":{"line":44,"column":65}},"44":{"start":{"line":45,"column":0},"end":{"line":45,"column":10}},"45":{"start":{"line":46,"column":0},"end":{"line":46,"column":23}},"46":{"start":{"line":47,"column":0},"end":{"line":47,"column":74}},"47":{"start":{"line":48,"column":0},"end":{"line":48,"column":38}},"48":{"start":{"line":49,"column":0},"end":{"line":49,"column":73}},"49":{"start":{"line":50,"column":0},"end":{"line":50,"column":8}},"51":{"start":{"line":52,"column":0},"end":{"line":52,"column":16}},"52":{"start":{"line":53,"column":0},"end":{"line":53,"column":25}},"54":{"start":{"line":55,"column":0},"end":{"line":55,"column":1}}},"s":{"1":1,"2":1,"3":1,"10":1,"11":39,"12":39,"13":39,"14":39,"15":39,"16":39,"17":39,"19":39,"20":39,"21":39,"23":39,"24":39,"26":39,"27":39,"28":39,"29":6,"30":6,"32":6,"33":6,"34":6,"35":6,"36":6,"38":39,"39":39,"41":39,"43":1,"44":51,"45":51,"46":51,"47":51,"48":21,"49":21,"51":51,"52":51,"54":51},"branchMap":{"0":{"type":"branch","line":11,"loc":{"start":{"line":11,"column":22},"end":{"line":42,"column":1}},"locations":[{"start":{"line":11,"column":22},"end":{"line":42,"column":1}}]},"1":{"type":"branch","line":29,"loc":{"start":{"line":29,"column":34},"end":{"line":29,"column":61}},"locations":[{"start":{"line":29,"column":34},"end":{"line":29,"column":61}}]},"2":{"type":"branch","line":29,"loc":{"start":{"line":29,"column":51},"end":{"line":37,"column":20}},"locations":[{"start":{"line":29,"column":51},"end":{"line":37,"column":20}}]},"3":{"type":"branch","line":25,"loc":{"start":{"line":25,"column":27},"end":{"line":25,"column":48}},"locations":[{"start":{"line":25,"column":27},"end":{"line":25,"column":48}}]},"4":{"type":"branch","line":44,"loc":{"start":{"line":44,"column":29},"end":{"line":55,"column":1}},"locations":[{"start":{"line":44,"column":29},"end":{"line":55,"column":1}}]},"5":{"type":"branch","line":47,"loc":{"start":{"line":47,"column":25},"end":{"line":47,"column":60}},"locations":[{"start":{"line":47,"column":25},"end":{"line":47,"column":60}}]},"6":{"type":"branch","line":47,"loc":{"start":{"line":47,"column":54},"end":{"line":47,"column":74}},"locations":[{"start":{"line":47,"column":54},"end":{"line":47,"column":74}}]},"7":{"type":"branch","line":47,"loc":{"start":{"line":47,"column":36},"end":{"line":47,"column":60}},"locations":[{"start":{"line":47,"column":36},"end":{"line":47,"column":60}}]},"8":{"type":"branch","line":48,"loc":{"start":{"line":48,"column":15},"end":{"line":50,"column":8}},"locations":[{"start":{"line":48,"column":15},"end":{"line":50,"column":8}}]}},"b":{"0":[39],"1":[6],"2":[6],"3":[3],"4":[51],"5":[4],"6":[46],"7":[4],"8":[21]},"fnMap":{"0":{"name":"ErrorFallback","decl":{"start":{"line":11,"column":22},"end":{"line":42,"column":1}},"loc":{"start":{"line":11,"column":22},"end":{"line":42,"column":1}},"line":11},"1":{"name":"onClick","decl":{"start":{"line":25,"column":27},"end":{"line":25,"column":48}},"loc":{"start":{"line":25,"column":27},"end":{"line":25,"column":48}},"line":25},"2":{"name":"ErrorBoundary","decl":{"start":{"line":44,"column":29},"end":{"line":55,"column":1}},"loc":{"start":{"line":44,"column":29},"end":{"line":55,"column":1}},"line":44},"3":{"name":"ErrorBoundary.FallbackComponent","decl":{"start":{"line":47,"column":36},"end":{"line":47,"column":60}},"loc":{"start":{"line":47,"column":36},"end":{"line":47,"column":60}},"line":47},"4":{"name":"onError","decl":{"start":{"line":48,"column":15},"end":{"line":50,"column":8}},"loc":{"start":{"line":48,"column":15},"end":{"line":50,"column":8}},"line":48}},"f":{"0":39,"1":3,"2":51,"3":4,"4":21}}
,"/home/titux/webdev/labo/20250928-vite-react-chess-game-learning/src/components/NavigationButtons.tsx": {"path":"/home/titux/webdev/labo/20250928-vite-react-chess-game-learning/src/components/NavigationButtons.tsx","all":true,"statementMap":{"0":{"start":{"line":1,"column":0},"end":{"line":1,"column":46}},"1":{"start":{"line":2,"column":0},"end":{"line":2,"column":33}},"12":{"start":{"line":13,"column":0},"end":{"line":13,"column":35}},"13":{"start":{"line":14,"column":0},"end":{"line":14,"column":18}},"14":{"start":{"line":15,"column":0},"end":{"line":15,"column":14}},"15":{"start":{"line":16,"column":0},"end":{"line":16,"column":9}},"16":{"start":{"line":17,"column":0},"end":{"line":17,"column":18}},"17":{"start":{"line":18,"column":0},"end":{"line":18,"column":21}},"18":{"start":{"line":19,"column":0},"end":{"line":19,"column":8}},"19":{"start":{"line":20,"column":0},"end":{"line":20,"column":31}},"20":{"start":{"line":21,"column":0},"end":{"line":21,"column":32}},"22":{"start":{"line":23,"column":0},"end":{"line":23,"column":32}},"23":{"start":{"line":24,"column":0},"end":{"line":24,"column":31}},"24":{"start":{"line":25,"column":0},"end":{"line":25,"column":114}},"25":{"start":{"line":26,"column":0},"end":{"line":26,"column":17}},"26":{"start":{"line":27,"column":0},"end":{"line":27,"column":3}},"28":{"start":{"line":29,"column":0},"end":{"line":29,"column":28}},"29":{"start":{"line":30,"column":0},"end":{"line":30,"column":31}},"30":{"start":{"line":31,"column":0},"end":{"line":31,"column":95}},"31":{"start":{"line":32,"column":0},"end":{"line":32,"column":3}},"33":{"start":{"line":34,"column":0},"end":{"line":34,"column":10}},"34":{"start":{"line":35,"column":0},"end":{"line":35,"column":61}},"35":{"start":{"line":36,"column":0},"end":{"line":36,"column":57}},"36":{"start":{"line":37,"column":0},"end":{"line":37,"column":53}},"37":{"start":{"line":38,"column":0},"end":{"line":38,"column":15}},"39":{"start":{"line":40,"column":0},"end":{"line":40,"column":20}},"40":{"start":{"line":41,"column":0},"end":{"line":41,"column":15}},"41":{"start":{"line":42,"column":0},"end":{"line":42,"column":30}},"42":{"start":{"line":43,"column":0},"end":{"line":43,"column":62}},"43":{"start":{"line":44,"column":0},"end":{"line":44,"column":27}},"44":{"start":{"line":45,"column":0},"end":{"line":45,"column":9}},"46":{"start":{"line":47,"column":0},"end":{"line":47,"column":17}},"48":{"start":{"line":49,"column":0},"end":{"line":49,"column":10}},"50":{"start":{"line":51,"column":0},"end":{"line":51,"column":1}}},"s":{"0":0,"1":0,"12":0,"13":0,"14":0,"15":0,"16":0,"17":0,"18":0,"19":0,"20":0,"22":0,"23":0,"24":0,"25":0,"26":0,"28":0,"29":0,"30":0,"31":0,"33":0,"34":0,"35":0,"36":0,"37":0,"39":0,"40":0,"41":0,"42":0,"43":0,"44":0,"46":0,"48":0,"50":0},"branchMap":{"0":{"type":"branch","line":1,"loc":{"start":{"line":1,"column":1332},"end":{"line":51,"column":1}},"locations":[{"start":{"line":1,"column":1332},"end":{"line":51,"column":1}}]}},"b":{"0":[0]},"fnMap":{"0":{"name":"(empty-report)","decl":{"start":{"line":1,"column":1332},"end":{"line":51,"column":1}},"loc":{"start":{"line":1,"column":1332},"end":{"line":51,"column":1}},"line":1}},"f":{"0":0}}
,"/home/titux/webdev/labo/20250928-vite-react-chess-game-learning/src/components/ProgressBar.tsx": {"path":"/home/titux/webdev/labo/20250928-vite-react-chess-game-learning/src/components/ProgressBar.tsx","all":true,"statementMap":{"6":{"start":{"line":7,"column":0},"end":{"line":7,"column":86}},"7":{"start":{"line":8,"column":0},"end":{"line":8,"column":56}},"9":{"start":{"line":10,"column":0},"end":{"line":10,"column":10}},"10":{"start":{"line":11,"column":0},"end":{"line":11,"column":43}},"11":{"start":{"line":12,"column":0},"end":{"line":12,"column":62}},"12":{"start":{"line":13,"column":0},"end":{"line":13,"column":60}},"13":{"start":{"line":14,"column":0},"end":{"line":14,"column":40}},"14":{"start":{"line":15,"column":0},"end":{"line":15,"column":15}},"15":{"start":{"line":16,"column":0},"end":{"line":16,"column":80}},"16":{"start":{"line":17,"column":0},"end":{"line":17,"column":12}},"17":{"start":{"line":18,"column":0},"end":{"line":18,"column":59}},"18":{"start":{"line":19,"column":0},"end":{"line":19,"column":12}},"19":{"start":{"line":20,"column":0},"end":{"line":20,"column":55}},"20":{"start":{"line":21,"column":0},"end":{"line":21,"column":81}},"21":{"start":{"line":22,"column":0},"end":{"line":22,"column":10}},"22":{"start":{"line":23,"column":0},"end":{"line":23,"column":12}},"23":{"start":{"line":24,"column":0},"end":{"line":24,"column":10}},"25":{"start":{"line":26,"column":0},"end":{"line":26,"column":1}}},"s":{"6":0,"7":0,"9":0,"10":0,"11":0,"12":0,"13":0,"14":0,"15":0,"16":0,"17":0,"18":0,"19":0,"20":0,"21":0,"22":0,"23":0,"25":0},"branchMap":{"0":{"type":"branch","line":1,"loc":{"start":{"line":1,"column":813},"end":{"line":26,"column":1}},"locations":[{"start":{"line":1,"column":813},"end":{"line":26,"column":1}}]}},"b":{"0":[1]},"fnMap":{"0":{"name":"(empty-report)","decl":{"start":{"line":1,"column":813},"end":{"line":26,"column":1}},"loc":{"start":{"line":1,"column":813},"end":{"line":26,"column":1}},"line":1}},"f":{"0":1}}
,"/home/titux/webdev/labo/20250928-vite-react-chess-game-learning/src/components/QuestionComponent.tsx": {"path":"/home/titux/webdev/labo/20250928-vite-react-chess-game-learning/src/components/QuestionComponent.tsx","all":false,"statementMap":{"0":{"start":{"line":1,"column":0},"end":{"line":1,"column":32}},"1":{"start":{"line":2,"column":0},"end":{"line":2,"column":74}},"3":{"start":{"line":4,"column":0},"end":{"line":4,"column":33}},"10":{"start":{"line":11,"column":0},"end":{"line":11,"column":86}},"11":{"start":{"line":12,"column":0},"end":{"line":12,"column":75}},"12":{"start":{"line":13,"column":0},"end":{"line":13,"column":57}},"13":{"start":{"line":14,"column":0},"end":{"line":14,"column":53}},"15":{"start":{"line":16,"column":0},"end":{"line":16,"column":50}},"16":{"start":{"line":17,"column":0},"end":{"line":17,"column":29}},"17":{"start":{"line":18,"column":0},"end":{"line":18,"column":25}},"19":{"start":{"line":20,"column":0},"end":{"line":20,"column":55}},"21":{"start":{"line":22,"column":0},"end":{"line":22,"column":21}},"22":{"start":{"line":23,"column":0},"end":{"line":23,"column":12}},"23":{"start":{"line":24,"column":0},"end":{"line":24,"column":5}},"25":{"start":{"line":26,"column":0},"end":{"line":26,"column":23}},"26":{"start":{"line":27,"column":0},"end":{"line":27,"column":23}},"27":{"start":{"line":28,"column":0},"end":{"line":28,"column":3}},"29":{"start":{"line":30,"column":0},"end":{"line":30,"column":29}},"30":{"start":{"line":31,"column":0},"end":{"line":31,"column":27}},"31":{"start":{"line":32,"column":0},"end":{"line":32,"column":26}},"32":{"start":{"line":33,"column":0},"end":{"line":33,"column":3}},"34":{"start":{"line":35,"column":0},"end":{"line":35,"column":65}},"35":{"start":{"line":36,"column":0},"end":{"line":36,"column":23}},"36":{"start":{"line":37,"column":0},"end":{"line":37,"column":21}},"37":{"start":{"line":38,"column":0},"end":{"line":38,"column":3}},"39":{"start":{"line":40,"column":0},"end":{"line":40,"column":39}},"40":{"start":{"line":41,"column":0},"end":{"line":41,"column":78}},"41":{"start":{"line":42,"column":0},"end":{"line":42,"column":3}},"43":{"start":{"line":44,"column":0},"end":{"line":44,"column":64}},"44":{"start":{"line":45,"column":0},"end":{"line":45,"column":12}},"45":{"start":{"line":46,"column":0},"end":{"line":46,"column":73}},"46":{"start":{"line":47,"column":0},"end":{"line":47,"column":85}},"48":{"start":{"line":49,"column":0},"end":{"line":49,"column":35}},"49":{"start":{"line":50,"column":0},"end":{"line":50,"column":43}},"50":{"start":{"line":51,"column":0},"end":{"line":51,"column":56}},"51":{"start":{"line":52,"column":0},"end":{"line":52,"column":63}},"52":{"start":{"line":53,"column":0},"end":{"line":53,"column":52}},"54":{"start":{"line":55,"column":0},"end":{"line":55,"column":31}},"55":{"start":{"line":56,"column":0},"end":{"line":56,"column":110}},"57":{"start":{"line":58,"column":0},"end":{"line":58,"column":45}},"58":{"start":{"line":59,"column":0},"end":{"line":59,"column":34}},"59":{"start":{"line":60,"column":0},"end":{"line":60,"column":33}},"60":{"start":{"line":61,"column":0},"end":{"line":61,"column":65}},"61":{"start":{"line":62,"column":0},"end":{"line":62,"column":103}},"62":{"start":{"line":63,"column":0},"end":{"line":63,"column":15}},"64":{"start":{"line":65,"column":0},"end":{"line":65,"column":30}},"65":{"start":{"line":66,"column":0},"end":{"line":66,"column":72}},"66":{"start":{"line":67,"column":0},"end":{"line":67,"column":15}},"68":{"start":{"line":69,"column":0},"end":{"line":69,"column":28}},"69":{"start":{"line":70,"column":0},"end":{"line":70,"column":66}},"70":{"start":{"line":71,"column":0},"end":{"line":71,"column":15}},"72":{"start":{"line":73,"column":0},"end":{"line":73,"column":64}},"73":{"start":{"line":74,"column":0},"end":{"line":74,"column":13}},"75":{"start":{"line":76,"column":0},"end":{"line":76,"column":71}},"77":{"start":{"line":78,"column":0},"end":{"line":78,"column":20}},"78":{"start":{"line":79,"column":0},"end":{"line":79,"column":21}},"79":{"start":{"line":80,"column":0},"end":{"line":80,"column":28}},"80":{"start":{"line":81,"column":0},"end":{"line":81,"column":32}},"81":{"start":{"line":82,"column":0},"end":{"line":82,"column":35}},"82":{"start":{"line":83,"column":0},"end":{"line":83,"column":26}},"83":{"start":{"line":84,"column":0},"end":{"line":84,"column":19}},"84":{"start":{"line":85,"column":0},"end":{"line":85,"column":44}},"85":{"start":{"line":86,"column":0},"end":{"line":86,"column":18}},"86":{"start":{"line":87,"column":0},"end":{"line":87,"column":37}},"87":{"start":{"line":88,"column":0},"end":{"line":88,"column":39}},"89":{"start":{"line":90,"column":0},"end":{"line":90,"column":24}},"90":{"start":{"line":91,"column":0},"end":{"line":91,"column":23}},"92":{"start":{"line":93,"column":0},"end":{"line":93,"column":13}},"93":{"start":{"line":94,"column":0},"end":{"line":94,"column":14}},"95":{"start":{"line":96,"column":0},"end":{"line":96,"column":26}},"96":{"start":{"line":97,"column":0},"end":{"line":97,"column":82}},"97":{"start":{"line":98,"column":0},"end":{"line":98,"column":68}},"98":{"start":{"line":99,"column":0},"end":{"line":99,"column":19}},"99":{"start":{"line":100,"column":0},"end":{"line":100,"column":52}},"100":{"start":{"line":101,"column":0},"end":{"line":101,"column":98}},"101":{"start":{"line":102,"column":0},"end":{"line":102,"column":19}},"103":{"start":{"line":104,"column":0},"end":{"line":104,"column":89}},"104":{"start":{"line":105,"column":0},"end":{"line":105,"column":21}},"105":{"start":{"line":106,"column":0},"end":{"line":106,"column":31}},"106":{"start":{"line":107,"column":0},"end":{"line":107,"column":96}},"108":{"start":{"line":109,"column":0},"end":{"line":109,"column":25}},"110":{"start":{"line":111,"column":0},"end":{"line":111,"column":18}},"111":{"start":{"line":112,"column":0},"end":{"line":112,"column":59}},"112":{"start":{"line":113,"column":0},"end":{"line":113,"column":100}},"114":{"start":{"line":115,"column":0},"end":{"line":115,"column":16}},"116":{"start":{"line":117,"column":0},"end":{"line":117,"column":12}},"118":{"start":{"line":119,"column":0},"end":{"line":119,"column":3}},"120":{"start":{"line":121,"column":0},"end":{"line":121,"column":13}},"121":{"start":{"line":122,"column":0},"end":{"line":122,"column":1}}},"s":{"0":1,"1":1,"3":1,"10":1,"11":48,"12":48,"13":48,"15":48,"16":18,"17":18,"19":18,"21":18,"22":10,"23":10,"25":8,"26":8,"27":18,"29":48,"30":4,"31":4,"32":4,"34":48,"35":1,"36":1,"37":1,"39":48,"40":3,"41":3,"43":48,"44":43,"45":43,"46":43,"48":43,"49":43,"50":129,"51":129,"52":129,"54":129,"55":129,"57":129,"58":129,"59":75,"60":0,"61":75,"62":75,"64":129,"65":18,"66":18,"68":129,"69":10,"70":10,"72":26,"73":129,"75":129,"77":129,"78":129,"79":129,"80":129,"81":18,"82":0,"83":0,"84":18,"85":18,"86":129,"87":129,"89":129,"90":129,"92":43,"93":43,"95":43,"96":18,"97":18,"98":18,"99":18,"100":18,"101":18,"103":18,"104":18,"105":18,"106":10,"108":10,"110":18,"111":18,"112":8,"114":18,"116":43,"118":43,"120":2,"121":2},"branchMap":{"0":{"type":"branch","line":11,"loc":{"start":{"line":11,"column":33},"end":{"line":122,"column":1}},"locations":[{"start":{"line":11,"column":33},"end":{"line":122,"column":1}}]},"1":{"type":"branch","line":40,"loc":{"start":{"line":40,"column":38},"end":{"line":42,"column":3}},"locations":[{"start":{"line":40,"column":38},"end":{"line":42,"column":3}}]},"2":{"type":"branch","line":42,"loc":{"start":{"line":42,"column":2},"end":{"line":44,"column":45}},"locations":[{"start":{"line":42,"column":2},"end":{"line":44,"column":45}}]},"3":{"type":"branch","line":44,"loc":{"start":{"line":44,"column":24},"end":{"line":44,"column":63}},"locations":[{"start":{"line":44,"column":24},"end":{"line":44,"column":63}}]},"4":{"type":"branch","line":44,"loc":{"start":{"line":44,"column":63},"end":{"line":119,"column":3}},"locations":[{"start":{"line":44,"column":63},"end":{"line":119,"column":3}}]},"5":{"type":"branch","line":96,"loc":{"start":{"line":96,"column":9},"end":{"line":115,"column":16}},"locations":[{"start":{"line":96,"column":9},"end":{"line":115,"column":16}}]},"6":{"type":"branch","line":101,"loc":{"start":{"line":101,"column":46},"end":{"line":101,"column":83}},"locations":[{"start":{"line":101,"column":46},"end":{"line":101,"column":83}}]},"7":{"type":"branch","line":101,"loc":{"start":{"line":101,"column":62},"end":{"line":101,"column":98}},"locations":[{"start":{"line":101,"column":62},"end":{"line":101,"column":98}}]},"8":{"type":"branch","line":104,"loc":{"start":{"line":104,"column":45},"end":{"line":104,"column":75}},"locations":[{"start":{"line":104,"column":45},"end":{"line":104,"column":75}}]},"9":{"type":"branch","line":104,"loc":{"start":{"line":104,"column":61},"end":{"line":104,"column":89}},"locations":[{"start":{"line":104,"column":61},"end":{"line":104,"column":89}}]},"10":{"type":"branch","line":106,"loc":{"start":{"line":106,"column":16},"end":{"line":109,"column":25}},"locations":[{"start":{"line":106,"column":16},"end":{"line":109,"column":25}}]},"11":{"type":"branch","line":112,"loc":{"start":{"line":112,"column":41},"end":{"line":113,"column":100}},"locations":[{"start":{"line":112,"column":41},"end":{"line":113,"column":100}}]},"12":{"type":"branch","line":119,"loc":{"start":{"line":119,"column":2},"end":{"line":122,"column":1}},"locations":[{"start":{"line":119,"column":2},"end":{"line":122,"column":1}}]},"13":{"type":"branch","line":16,"loc":{"start":{"line":16,"column":29},"end":{"line":28,"column":3}},"locations":[{"start":{"line":16,"column":29},"end":{"line":28,"column":3}}]},"14":{"type":"branch","line":22,"loc":{"start":{"line":22,"column":20},"end":{"line":24,"column":5}},"locations":[{"start":{"line":22,"column":20},"end":{"line":24,"column":5}}]},"15":{"type":"branch","line":24,"loc":{"start":{"line":24,"column":4},"end":{"line":27,"column":23}},"locations":[{"start":{"line":24,"column":4},"end":{"line":27,"column":23}}]},"16":{"type":"branch","line":30,"loc":{"start":{"line":30,"column":22},"end":{"line":33,"column":3}},"locations":[{"start":{"line":30,"column":22},"end":{"line":33,"column":3}}]},"17":{"type":"branch","line":35,"loc":{"start":{"line":35,"column":27},"end":{"line":38,"column":3}},"locations":[{"start":{"line":35,"column":27},"end":{"line":38,"column":3}}]},"18":{"type":"branch","line":50,"loc":{"start":{"line":50,"column":32},"end":{"line":93,"column":11}},"locations":[{"start":{"line":50,"column":32},"end":{"line":93,"column":11}}]},"19":{"type":"branch","line":53,"loc":{"start":{"line":53,"column":28},"end":{"line":53,"column":52}},"locations":[{"start":{"line":53,"column":28},"end":{"line":53,"column":52}}]},"20":{"type":"branch","line":58,"loc":{"start":{"line":58,"column":38},"end":{"line":74,"column":13}},"locations":[{"start":{"line":58,"column":38},"end":{"line":74,"column":13}}]},"21":{"type":"branch","line":59,"loc":{"start":{"line":59,"column":33},"end":{"line":63,"column":15}},"locations":[{"start":{"line":59,"column":33},"end":{"line":63,"column":15}}]},"22":{"type":"branch","line":60,"loc":{"start":{"line":60,"column":23},"end":{"line":61,"column":65}},"locations":[{"start":{"line":60,"column":23},"end":{"line":61,"column":65}}]},"23":{"type":"branch","line":63,"loc":{"start":{"line":63,"column":14},"end":{"line":65,"column":29}},"locations":[{"start":{"line":63,"column":14},"end":{"line":65,"column":29}}]},"24":{"type":"branch","line":65,"loc":{"start":{"line":65,"column":29},"end":{"line":67,"column":15}},"locations":[{"start":{"line":65,"column":29},"end":{"line":67,"column":15}}]},"25":{"type":"branch","line":67,"loc":{"start":{"line":67,"column":14},"end":{"line":69,"column":27}},"locations":[{"start":{"line":67,"column":14},"end":{"line":69,"column":27}}]},"26":{"type":"branch","line":69,"loc":{"start":{"line":69,"column":27},"end":{"line":71,"column":15}},"locations":[{"start":{"line":69,"column":27},"end":{"line":71,"column":15}}]},"27":{"type":"branch","line":71,"loc":{"start":{"line":71,"column":14},"end":{"line":73,"column":64}},"locations":[{"start":{"line":71,"column":14},"end":{"line":73,"column":64}}]},"28":{"type":"branch","line":81,"loc":{"start":{"line":81,"column":25},"end":{"line":86,"column":18}},"locations":[{"start":{"line":81,"column":25},"end":{"line":86,"column":18}}]},"29":{"type":"branch","line":82,"loc":{"start":{"line":82,"column":34},"end":{"line":84,"column":19}},"locations":[{"start":{"line":82,"column":34},"end":{"line":84,"column":19}}]}},"b":{"0":[48],"1":[3],"2":[45],"3":[44],"4":[43],"5":[18],"6":[8],"7":[10],"8":[8],"9":[10],"10":[10],"11":[8],"12":[2],"13":[18],"14":[10],"15":[8],"16":[4],"17":[1],"18":[129],"19":[18],"20":[129],"21":[75],"22":[0],"23":[54],"24":[18],"25":[36],"26":[10],"27":[26],"28":[18],"29":[0]},"fnMap":{"0":{"name":"QuestionComponent","decl":{"start":{"line":11,"column":33},"end":{"line":122,"column":1}},"loc":{"start":{"line":11,"column":33},"end":{"line":122,"column":1}},"line":11},"1":{"name":"handleAnswerSelect","decl":{"start":{"line":16,"column":29},"end":{"line":28,"column":3}},"loc":{"start":{"line":16,"column":29},"end":{"line":28,"column":3}},"line":16},"2":{"name":"handleRetry","decl":{"start":{"line":30,"column":22},"end":{"line":33,"column":3}},"loc":{"start":{"line":30,"column":22},"end":{"line":33,"column":3}},"line":30},"3":{"name":"handleMoveAnswer","decl":{"start":{"line":35,"column":27},"end":{"line":38,"column":3}},"loc":{"start":{"line":35,"column":27},"end":{"line":38,"column":3}},"line":35},"4":{"name":"getVariantClasses","decl":{"start":{"line":58,"column":38},"end":{"line":74,"column":13}},"loc":{"start":{"line":58,"column":38},"end":{"line":74,"column":13}},"line":58},"5":{"name":"onClick","decl":{"start":{"line":81,"column":25},"end":{"line":86,"column":18}},"loc":{"start":{"line":81,"column":25},"end":{"line":86,"column":18}},"line":81}},"f":{"0":48,"1":18,"2":4,"3":1,"4":129,"5":18}}
,"/home/titux/webdev/labo/20250928-vite-react-chess-game-learning/src/components/StoryViewer.tsx": {"path":"/home/titux/webdev/labo/20250928-vite-react-chess-game-learning/src/components/StoryViewer.tsx","all":true,"statementMap":{"0":{"start":{"line":1,"column":0},"end":{"line":1,"column":42}},"1":{"start":{"line":2,"column":0},"end":{"line":2,"column":57}},"2":{"start":{"line":3,"column":0},"end":{"line":3,"column":34}},"3":{"start":{"line":4,"column":0},"end":{"line":4,"column":44}},"4":{"start":{"line":5,"column":0},"end":{"line":5,"column":61}},"5":{"start":{"line":6,"column":0},"end":{"line":6,"column":63}},"6":{"start":{"line":7,"column":0},"end":{"line":7,"column":49}},"7":{"start":{"line":8,"column":0},"end":{"line":8,"column":43}},"8":{"start":{"line":9,"column":0},"end":{"line":9,"column":63}},"9":{"start":{"line":10,"column":0},"end":{"line":10,"column":55}},"10":{"start":{"line":11,"column":0},"end":{"line":11,"column":43}},"11":{"start":{"line":12,"column":0},"end":{"line":12,"column":55}},"13":{"start":{"line":14,"column":0},"end":{"line":14,"column":34}},"14":{"start":{"line":15,"column":0},"end":{"line":15,"column":84}},"15":{"start":{"line":16,"column":0},"end":{"line":16,"column":32}},"16":{"start":{"line":17,"column":0},"end":{"line":17,"column":68}},"17":{"start":{"line":18,"column":0},"end":{"line":18,"column":52}},"20":{"start":{"line":21,"column":0},"end":{"line":21,"column":87}},"21":{"start":{"line":22,"column":0},"end":{"line":22,"column":22}},"22":{"start":{"line":23,"column":0},"end":{"line":23,"column":25}},"23":{"start":{"line":24,"column":0},"end":{"line":24,"column":4}},"25":{"start":{"line":26,"column":0},"end":{"line":26,"column":9}},"26":{"start":{"line":27,"column":0},"end":{"line":27,"column":17}},"27":{"start":{"line":28,"column":0},"end":{"line":28,"column":21}},"28":{"start":{"line":29,"column":0},"end":{"line":29,"column":25}},"29":{"start":{"line":30,"column":0},"end":{"line":30,"column":25}},"30":{"start":{"line":31,"column":0},"end":{"line":31,"column":17}},"31":{"start":{"line":32,"column":0},"end":{"line":32,"column":26}},"32":{"start":{"line":33,"column":0},"end":{"line":33,"column":22}},"33":{"start":{"line":34,"column":0},"end":{"line":34,"column":26}},"34":{"start":{"line":35,"column":0},"end":{"line":35,"column":15}},"35":{"start":{"line":36,"column":0},"end":{"line":36,"column":14}},"36":{"start":{"line":37,"column":0},"end":{"line":37,"column":4}},"39":{"start":{"line":40,"column":0},"end":{"line":40,"column":66}},"40":{"start":{"line":41,"column":0},"end":{"line":41,"column":33}},"42":{"start":{"line":43,"column":0},"end":{"line":43,"column":18}},"43":{"start":{"line":44,"column":0},"end":{"line":44,"column":40}},"44":{"start":{"line":45,"column":0},"end":{"line":45,"column":5}},"45":{"start":{"line":46,"column":0},"end":{"line":46,"column":3}},"48":{"start":{"line":49,"column":0},"end":{"line":49,"column":40}},"49":{"start":{"line":50,"column":0},"end":{"line":50,"column":67}},"50":{"start":{"line":51,"column":0},"end":{"line":51,"column":3}},"52":{"start":{"line":53,"column":0},"end":{"line":53,"column":16}},"53":{"start":{"line":54,"column":0},"end":{"line":54,"column":12}},"54":{"start":{"line":55,"column":0},"end":{"line":55,"column":41}},"55":{"start":{"line":56,"column":0},"end":{"line":56,"column":41}},"56":{"start":{"line":57,"column":0},"end":{"line":57,"column":49}},"57":{"start":{"line":58,"column":0},"end":{"line":58,"column":67}},"58":{"start":{"line":59,"column":0},"end":{"line":59,"column":14}},"59":{"start":{"line":60,"column":0},"end":{"line":60,"column":12}},"61":{"start":{"line":62,"column":0},"end":{"line":62,"column":3}},"63":{"start":{"line":64,"column":0},"end":{"line":64,"column":26}},"64":{"start":{"line":65,"column":0},"end":{"line":65,"column":12}},"65":{"start":{"line":66,"column":0},"end":{"line":66,"column":82}},"66":{"start":{"line":67,"column":0},"end":{"line":67,"column":37}},"67":{"start":{"line":68,"column":0},"end":{"line":68,"column":87}},"68":{"start":{"line":69,"column":0},"end":{"line":69,"column":45}},"69":{"start":{"line":70,"column":0},"end":{"line":70,"column":56}},"70":{"start":{"line":71,"column":0},"end":{"line":71,"column":14}},"71":{"start":{"line":72,"column":0},"end":{"line":72,"column":67}},"73":{"start":{"line":74,"column":0},"end":{"line":74,"column":19}},"74":{"start":{"line":75,"column":0},"end":{"line":75,"column":14}},"75":{"start":{"line":76,"column":0},"end":{"line":76,"column":12}},"77":{"start":{"line":78,"column":0},"end":{"line":78,"column":3}},"79":{"start":{"line":80,"column":0},"end":{"line":80,"column":10}},"80":{"start":{"line":81,"column":0},"end":{"line":81,"column":46}},"81":{"start":{"line":82,"column":0},"end":{"line":82,"column":62}},"83":{"start":{"line":84,"column":0},"end":{"line":84,"column":94}},"86":{"start":{"line":87,"column":0},"end":{"line":87,"column":43}},"87":{"start":{"line":88,"column":0},"end":{"line":88,"column":60}},"89":{"start":{"line":90,"column":0},"end":{"line":90,"column":100}},"90":{"start":{"line":91,"column":0},"end":{"line":91,"column":88}},"91":{"start":{"line":92,"column":0},"end":{"line":92,"column":16}},"94":{"start":{"line":95,"column":0},"end":{"line":95,"column":37}},"95":{"start":{"line":96,"column":0},"end":{"line":96,"column":54}},"96":{"start":{"line":97,"column":0},"end":{"line":97,"column":25}},"97":{"start":{"line":98,"column":0},"end":{"line":98,"column":62}},"98":{"start":{"line":99,"column":0},"end":{"line":99,"column":48}},"99":{"start":{"line":100,"column":0},"end":{"line":100,"column":35}},"100":{"start":{"line":101,"column":0},"end":{"line":101,"column":16}},"101":{"start":{"line":102,"column":0},"end":{"line":102,"column":18}},"105":{"start":{"line":106,"column":0},"end":{"line":106,"column":48}},"106":{"start":{"line":107,"column":0},"end":{"line":107,"column":34}},"107":{"start":{"line":108,"column":0},"end":{"line":108,"column":32}},"108":{"start":{"line":109,"column":0},"end":{"line":109,"column":43}},"109":{"start":{"line":110,"column":0},"end":{"line":110,"column":59}},"110":{"start":{"line":111,"column":0},"end":{"line":111,"column":16}},"111":{"start":{"line":112,"column":0},"end":{"line":112,"column":18}},"113":{"start":{"line":114,"column":0},"end":{"line":114,"column":14}},"116":{"start":{"line":117,"column":0},"end":{"line":117,"column":26}},"117":{"start":{"line":118,"column":0},"end":{"line":118,"column":43}},"118":{"start":{"line":119,"column":0},"end":{"line":119,"column":35}},"119":{"start":{"line":120,"column":0},"end":{"line":120,"column":41}},"120":{"start":{"line":121,"column":0},"end":{"line":121,"column":25}},"121":{"start":{"line":122,"column":0},"end":{"line":122,"column":61}},"122":{"start":{"line":123,"column":0},"end":{"line":123,"column":10}},"123":{"start":{"line":124,"column":0},"end":{"line":124,"column":12}},"124":{"start":{"line":125,"column":0},"end":{"line":125,"column":10}},"126":{"start":{"line":127,"column":0},"end":{"line":127,"column":1}}},"s":{"0":0,"1":0,"2":0,"3":0,"4":0,"5":0,"6":0,"7":0,"8":0,"9":0,"10":0,"11":0,"13":0,"14":0,"15":0,"16":0,"17":0,"20":0,"21":0,"22":0,"23":0,"25":0,"26":0,"27":0,"28":0,"29":0,"30":0,"31":0,"32":0,"33":0,"34":0,"35":0,"36":0,"39":0,"40":0,"42":0,"43":0,"44":0,"45":0,"48":0,"49":0,"50":0,"52":0,"53":0,"54":0,"55":0,"56":0,"57":0,"58":0,"59":0,"61":0,"63":0,"64":0,"65":0,"66":0,"67":0,"68":0,"69":0,"70":0,"71":0,"73":0,"74":0,"75":0,"77":0,"79":0,"80":0,"81":0,"83":0,"86":0,"87":0,"89":0,"90":0,"91":0,"94":0,"95":0,"96":0,"97":0,"98":0,"99":0,"100":0,"101":0,"105":0,"106":0,"107":0,"108":0,"109":0,"110":0,"111":0,"113":0,"116":0,"117":0,"118":0,"119":0,"120":0,"121":0,"122":0,"123":0,"124":0,"126":0},"branchMap":{"0":{"type":"branch","line":1,"loc":{"start":{"line":1,"column":4075},"end":{"line":127,"column":1}},"locations":[{"start":{"line":1,"column":4075},"end":{"line":127,"column":1}}]}},"b":{"0":[0]},"fnMap":{"0":{"name":"(empty-report)","decl":{"start":{"line":1,"column":4075},"end":{"line":127,"column":1}},"loc":{"start":{"line":1,"column":4075},"end":{"line":127,"column":1}},"line":1}},"f":{"0":0}}
,"/home/titux/webdev/labo/20250928-vite-react-chess-game-learning/src/entities/chessboard/ChessBoard.tsx": {"path":"/home/titux/webdev/labo/20250928-vite-react-chess-game-learning/src/entities/chessboard/ChessBoard.tsx","all":false,"statementMap":{"0":{"start":{"line":1,"column":0},"end":{"line":1,"column":28}},"1":{"start":{"line":2,"column":0},"end":{"line":2,"column":45}},"3":{"start":{"line":4,"column":0},"end":{"line":4,"column":79}},"21":{"start":{"line":22,"column":0},"end":{"line":22,"column":31}},"22":{"start":{"line":23,"column":0},"end":{"line":23,"column":89}},"24":{"start":{"line":25,"column":0},"end":{"line":25,"column":73}},"28":{"start":{"line":29,"column":0},"end":{"line":29,"column":45}},"29":{"start":{"line":30,"column":0},"end":{"line":30,"column":69}},"31":{"start":{"line":32,"column":0},"end":{"line":32,"column":22}},"32":{"start":{"line":33,"column":0},"end":{"line":33,"column":19}},"33":{"start":{"line":34,"column":0},"end":{"line":34,"column":95}},"34":{"start":{"line":35,"column":0},"end":{"line":35,"column":7}},"35":{"start":{"line":36,"column":0},"end":{"line":36,"column":34}},"36":{"start":{"line":37,"column":0},"end":{"line":37,"column":5}},"39":{"start":{"line":40,"column":0},"end":{"line":40,"column":30}},"40":{"start":{"line":41,"column":0},"end":{"line":41,"column":19}},"41":{"start":{"line":42,"column":0},"end":{"line":42,"column":18}},"42":{"start":{"line":43,"column":0},"end":{"line":43,"column":8}},"46":{"start":{"line":47,"column":0},"end":{"line":47,"column":11}},"47":{"start":{"line":48,"column":0},"end":{"line":48,"column":53}},"50":{"start":{"line":51,"column":0},"end":{"line":51,"column":56}},"53":{"start":{"line":54,"column":0},"end":{"line":54,"column":17}},"54":{"start":{"line":55,"column":0},"end":{"line":55,"column":5}},"56":{"start":{"line":57,"column":0},"end":{"line":57,"column":12}},"57":{"start":{"line":58,"column":0},"end":{"line":58,"column":69}},"58":{"start":{"line":59,"column":0},"end":{"line":59,"column":19}},"59":{"start":{"line":60,"column":0},"end":{"line":60,"column":20}},"60":{"start":{"line":61,"column":0},"end":{"line":61,"column":36}},"61":{"start":{"line":62,"column":0},"end":{"line":62,"column":42}},"62":{"start":{"line":63,"column":0},"end":{"line":63,"column":39}},"63":{"start":{"line":64,"column":0},"end":{"line":64,"column":41}},"64":{"start":{"line":65,"column":0},"end":{"line":65,"column":25}},"65":{"start":{"line":66,"column":0},"end":{"line":66,"column":34}},"66":{"start":{"line":67,"column":0},"end":{"line":67,"column":56}},"67":{"start":{"line":68,"column":0},"end":{"line":68,"column":13}},"68":{"start":{"line":69,"column":0},"end":{"line":69,"column":12}},"69":{"start":{"line":70,"column":0},"end":{"line":70,"column":10}},"70":{"start":{"line":71,"column":0},"end":{"line":71,"column":12}},"72":{"start":{"line":73,"column":0},"end":{"line":73,"column":3}},"73":{"start":{"line":74,"column":0},"end":{"line":74,"column":1}}},"s":{"0":1,"1":1,"3":1,"21":1,"22":1,"24":107,"28":107,"29":107,"31":107,"32":3,"33":3,"34":3,"35":3,"36":3,"39":107,"40":13,"41":13,"42":13,"46":13,"47":13,"50":12,"53":13,"54":13,"56":107,"57":107,"58":107,"59":107,"60":107,"61":107,"62":107,"63":107,"64":107,"65":107,"66":107,"67":107,"68":107,"69":107,"70":107,"72":107,"73":1},"branchMap":{"0":{"type":"branch","line":23,"loc":{"start":{"line":23,"column":2},"end":{"line":73,"column":3}},"locations":[{"start":{"line":23,"column":2},"end":{"line":73,"column":3}}]},"1":{"type":"branch","line":25,"loc":{"start":{"line":25,"column":37},"end":{"line":25,"column":65}},"locations":[{"start":{"line":25,"column":37},"end":{"line":25,"column":65}}]},"2":{"type":"branch","line":25,"loc":{"start":{"line":25,"column":50},"end":{"line":25,"column":73}},"locations":[{"start":{"line":25,"column":50},"end":{"line":25,"column":73}}]},"3":{"type":"branch","line":32,"loc":{"start":{"line":32,"column":21},"end":{"line":37,"column":5}},"locations":[{"start":{"line":32,"column":21},"end":{"line":37,"column":5}}]},"4":{"type":"branch","line":40,"loc":{"start":{"line":40,"column":28},"end":{"line":55,"column":5}},"locations":[{"start":{"line":40,"column":28},"end":{"line":55,"column":5}}]},"5":{"type":"branch","line":48,"loc":{"start":{"line":48,"column":41},"end":{"line":51,"column":56}},"locations":[{"start":{"line":48,"column":41},"end":{"line":51,"column":56}}]},"6":{"type":"branch","line":48,"loc":{"start":{"line":48,"column":41},"end":{"line":48,"column":53}},"locations":[{"start":{"line":48,"column":41},"end":{"line":48,"column":53}}]}},"b":{"0":[107],"1":[1],"2":[106],"3":[3],"4":[13],"5":[12],"6":[1]},"fnMap":{"0":{"name":"handlePieceDrop","decl":{"start":{"line":40,"column":28},"end":{"line":55,"column":5}},"loc":{"start":{"line":40,"column":28},"end":{"line":55,"column":5}},"line":40}},"f":{"0":13}}
,"/home/titux/webdev/labo/20250928-vite-react-chess-game-learning/src/features/questions/FeedbackDisplay.tsx": {"path":"/home/titux/webdev/labo/20250928-vite-react-chess-game-learning/src/features/questions/FeedbackDisplay.tsx","all":false,"statementMap":{"0":{"start":{"line":1,"column":0},"end":{"line":1,"column":28}},"1":{"start":{"line":2,"column":0},"end":{"line":2,"column":42}},"2":{"start":{"line":3,"column":0},"end":{"line":3,"column":34}},"3":{"start":{"line":4,"column":0},"end":{"line":4,"column":44}},"11":{"start":{"line":12,"column":0},"end":{"line":12,"column":36}},"12":{"start":{"line":13,"column":0},"end":{"line":13,"column":86}},"13":{"start":{"line":14,"column":0},"end":{"line":14,"column":12}},"14":{"start":{"line":15,"column":0},"end":{"line":15,"column":10}},"15":{"start":{"line":16,"column":0},"end":{"line":16,"column":20}},"19":{"start":{"line":20,"column":0},"end":{"line":20,"column":17}},"20":{"start":{"line":21,"column":0},"end":{"line":21,"column":123}},"21":{"start":{"line":22,"column":0},"end":{"line":22,"column":129}},"22":{"start":{"line":23,"column":0},"end":{"line":23,"column":9}},"24":{"start":{"line":25,"column":0},"end":{"line":25,"column":21}},"25":{"start":{"line":26,"column":0},"end":{"line":26,"column":26}},"27":{"start":{"line":28,"column":0},"end":{"line":28,"column":53}},"28":{"start":{"line":29,"column":0},"end":{"line":29,"column":70}},"29":{"start":{"line":30,"column":0},"end":{"line":30,"column":33}},"30":{"start":{"line":31,"column":0},"end":{"line":31,"column":17}},"31":{"start":{"line":32,"column":0},"end":{"line":32,"column":34}},"32":{"start":{"line":33,"column":0},"end":{"line":33,"column":94}},"33":{"start":{"line":34,"column":0},"end":{"line":34,"column":16}},"34":{"start":{"line":35,"column":0},"end":{"line":35,"column":26}},"36":{"start":{"line":37,"column":0},"end":{"line":37,"column":55}},"40":{"start":{"line":41,"column":0},"end":{"line":41,"column":86}},"41":{"start":{"line":42,"column":0},"end":{"line":42,"column":18}},"42":{"start":{"line":43,"column":0},"end":{"line":43,"column":16}},"43":{"start":{"line":44,"column":0},"end":{"line":44,"column":14}},"45":{"start":{"line":46,"column":0},"end":{"line":46,"column":15}},"46":{"start":{"line":47,"column":0},"end":{"line":47,"column":30}},"47":{"start":{"line":48,"column":0},"end":{"line":48,"column":53}},"48":{"start":{"line":49,"column":0},"end":{"line":49,"column":33}},"49":{"start":{"line":50,"column":0},"end":{"line":50,"column":58}},"50":{"start":{"line":51,"column":0},"end":{"line":51,"column":9}},"52":{"start":{"line":53,"column":0},"end":{"line":53,"column":17}},"53":{"start":{"line":54,"column":0},"end":{"line":54,"column":12}},"55":{"start":{"line":56,"column":0},"end":{"line":56,"column":3}},"56":{"start":{"line":57,"column":0},"end":{"line":57,"column":1}}},"s":{"0":1,"1":1,"2":1,"3":1,"11":1,"12":1,"13":28,"14":28,"15":28,"19":28,"20":21,"21":7,"22":28,"24":28,"25":28,"27":28,"28":28,"29":28,"30":28,"31":28,"32":28,"33":28,"34":28,"36":28,"40":28,"41":28,"42":28,"43":28,"45":28,"46":28,"47":28,"48":28,"49":28,"50":28,"52":28,"53":28,"55":28,"56":1},"branchMap":{"0":{"type":"branch","line":13,"loc":{"start":{"line":13,"column":2},"end":{"line":56,"column":3}},"locations":[{"start":{"line":13,"column":2},"end":{"line":56,"column":3}}]},"1":{"type":"branch","line":20,"loc":{"start":{"line":20,"column":10},"end":{"line":21,"column":123}},"locations":[{"start":{"line":20,"column":10},"end":{"line":21,"column":123}}]},"2":{"type":"branch","line":21,"loc":{"start":{"line":21,"column":14},"end":{"line":22,"column":129}},"locations":[{"start":{"line":21,"column":14},"end":{"line":22,"column":129}}]},"3":{"type":"branch","line":30,"loc":{"start":{"line":30,"column":13},"end":{"line":30,"column":29}},"locations":[{"start":{"line":30,"column":13},"end":{"line":30,"column":29}}]},"4":{"type":"branch","line":30,"loc":{"start":{"line":30,"column":23},"end":{"line":30,"column":33}},"locations":[{"start":{"line":30,"column":23},"end":{"line":30,"column":33}}]},"5":{"type":"branch","line":33,"loc":{"start":{"line":33,"column":53},"end":{"line":33,"column":77}},"locations":[{"start":{"line":33,"column":53},"end":{"line":33,"column":77}}]},"6":{"type":"branch","line":33,"loc":{"start":{"line":33,"column":63},"end":{"line":33,"column":89}},"locations":[{"start":{"line":33,"column":63},"end":{"line":33,"column":89}}]},"7":{"type":"branch","line":37,"loc":{"start":{"line":37,"column":14},"end":{"line":37,"column":40}},"locations":[{"start":{"line":37,"column":14},"end":{"line":37,"column":40}}]},"8":{"type":"branch","line":37,"loc":{"start":{"line":37,"column":24},"end":{"line":37,"column":54}},"locations":[{"start":{"line":37,"column":24},"end":{"line":37,"column":54}}]},"9":{"type":"branch","line":48,"loc":{"start":{"line":48,"column":19},"end":{"line":48,"column":41}},"locations":[{"start":{"line":48,"column":19},"end":{"line":48,"column":41}}]},"10":{"type":"branch","line":48,"loc":{"start":{"line":48,"column":29},"end":{"line":48,"column":53}},"locations":[{"start":{"line":48,"column":29},"end":{"line":48,"column":53}}]}},"b":{"0":[28],"1":[21],"2":[7],"3":[21],"4":[7],"5":[21],"6":[7],"7":[21],"8":[7],"9":[21],"10":[7]},"fnMap":{},"f":{}}
,"/home/titux/webdev/labo/20250928-vite-react-chess-game-learning/src/features/questions/MoveBasedQuestion.tsx": {"path":"/home/titux/webdev/labo/20250928-vite-react-chess-game-learning/src/features/questions/MoveBasedQuestion.tsx","all":false,"statementMap":{"0":{"start":{"line":1,"column":0},"end":{"line":1,"column":44}},"1":{"start":{"line":2,"column":0},"end":{"line":2,"column":56}},"2":{"start":{"line":3,"column":0},"end":{"line":3,"column":51}},"3":{"start":{"line":4,"column":0},"end":{"line":4,"column":59}},"4":{"start":{"line":5,"column":0},"end":{"line":5,"column":61}},"5":{"start":{"line":6,"column":0},"end":{"line":6,"column":59}},"7":{"start":{"line":8,"column":0},"end":{"line":8,"column":66}},"8":{"start":{"line":9,"column":0},"end":{"line":9,"column":72}},"9":{"start":{"line":10,"column":0},"end":{"line":10,"column":66}},"16":{"start":{"line":17,"column":0},"end":{"line":17,"column":35}},"17":{"start":{"line":18,"column":0},"end":{"line":18,"column":11}},"18":{"start":{"line":19,"column":0},"end":{"line":19,"column":8}},"19":{"start":{"line":20,"column":0},"end":{"line":20,"column":50}},"20":{"start":{"line":21,"column":0},"end":{"line":21,"column":48}},"21":{"start":{"line":22,"column":0},"end":{"line":22,"column":55}},"24":{"start":{"line":25,"column":0},"end":{"line":25,"column":58}},"26":{"start":{"line":27,"column":0},"end":{"line":27,"column":66}},"27":{"start":{"line":28,"column":0},"end":{"line":28,"column":13}},"28":{"start":{"line":29,"column":0},"end":{"line":29,"column":11}},"29":{"start":{"line":30,"column":0},"end":{"line":30,"column":17}},"30":{"start":{"line":31,"column":0},"end":{"line":31,"column":16}},"31":{"start":{"line":32,"column":0},"end":{"line":32,"column":46}},"32":{"start":{"line":33,"column":0},"end":{"line":33,"column":4}},"34":{"start":{"line":35,"column":0},"end":{"line":35,"column":9}},"35":{"start":{"line":36,"column":0},"end":{"line":36,"column":17}},"36":{"start":{"line":37,"column":0},"end":{"line":37,"column":20}},"37":{"start":{"line":38,"column":0},"end":{"line":38,"column":18}},"38":{"start":{"line":39,"column":0},"end":{"line":39,"column":39}},"39":{"start":{"line":40,"column":0},"end":{"line":40,"column":18}},"40":{"start":{"line":41,"column":0},"end":{"line":41,"column":29}},"41":{"start":{"line":42,"column":0},"end":{"line":42,"column":24}},"42":{"start":{"line":43,"column":0},"end":{"line":43,"column":23}},"43":{"start":{"line":44,"column":0},"end":{"line":44,"column":52}},"44":{"start":{"line":45,"column":0},"end":{"line":45,"column":4}},"47":{"start":{"line":48,"column":0},"end":{"line":48,"column":19}},"48":{"start":{"line":49,"column":0},"end":{"line":49,"column":34}},"49":{"start":{"line":50,"column":0},"end":{"line":50,"column":26}},"50":{"start":{"line":51,"column":0},"end":{"line":51,"column":5}},"51":{"start":{"line":52,"column":0},"end":{"line":52,"column":31}},"54":{"start":{"line":55,"column":0},"end":{"line":55,"column":19}},"55":{"start":{"line":56,"column":0},"end":{"line":56,"column":24}},"56":{"start":{"line":57,"column":0},"end":{"line":57,"column":25}},"57":{"start":{"line":58,"column":0},"end":{"line":58,"column":36}},"60":{"start":{"line":61,"column":0},"end":{"line":61,"column":43}},"61":{"start":{"line":62,"column":0},"end":{"line":62,"column":45}},"62":{"start":{"line":63,"column":0},"end":{"line":63,"column":35}},"63":{"start":{"line":64,"column":0},"end":{"line":64,"column":46}},"64":{"start":{"line":65,"column":0},"end":{"line":65,"column":28}},"65":{"start":{"line":66,"column":0},"end":{"line":66,"column":7}},"66":{"start":{"line":67,"column":0},"end":{"line":67,"column":6}},"67":{"start":{"line":68,"column":0},"end":{"line":68,"column":14}},"68":{"start":{"line":69,"column":0},"end":{"line":69,"column":3}},"70":{"start":{"line":71,"column":0},"end":{"line":71,"column":10}},"71":{"start":{"line":72,"column":0},"end":{"line":72,"column":60}},"72":{"start":{"line":73,"column":0},"end":{"line":73,"column":99}},"74":{"start":{"line":75,"column":0},"end":{"line":75,"column":24}},"75":{"start":{"line":76,"column":0},"end":{"line":76,"column":27}},"76":{"start":{"line":77,"column":0},"end":{"line":77,"column":19}},"77":{"start":{"line":78,"column":0},"end":{"line":78,"column":27}},"78":{"start":{"line":79,"column":0},"end":{"line":79,"column":62}},"79":{"start":{"line":80,"column":0},"end":{"line":80,"column":51}},"80":{"start":{"line":81,"column":0},"end":{"line":81,"column":37}},"81":{"start":{"line":82,"column":0},"end":{"line":82,"column":8}},"83":{"start":{"line":84,"column":0},"end":{"line":84,"column":27}},"84":{"start":{"line":85,"column":0},"end":{"line":85,"column":35}},"85":{"start":{"line":86,"column":0},"end":{"line":86,"column":41}},"86":{"start":{"line":87,"column":0},"end":{"line":87,"column":37}},"87":{"start":{"line":88,"column":0},"end":{"line":88,"column":39}},"88":{"start":{"line":89,"column":0},"end":{"line":89,"column":33}},"89":{"start":{"line":90,"column":0},"end":{"line":90,"column":57}},"90":{"start":{"line":91,"column":0},"end":{"line":91,"column":8}},"92":{"start":{"line":93,"column":0},"end":{"line":93,"column":24}},"93":{"start":{"line":94,"column":0},"end":{"line":94,"column":27}},"94":{"start":{"line":95,"column":0},"end":{"line":95,"column":52}},"95":{"start":{"line":96,"column":0},"end":{"line":96,"column":45}},"96":{"start":{"line":97,"column":0},"end":{"line":97,"column":27}},"97":{"start":{"line":98,"column":0},"end":{"line":98,"column":29}},"98":{"start":{"line":99,"column":0},"end":{"line":99,"column":8}},"99":{"start":{"line":100,"column":0},"end":{"line":100,"column":10}},"101":{"start":{"line":102,"column":0},"end":{"line":102,"column":1}}},"s":{"0":1,"1":1,"2":1,"3":1,"4":1,"5":1,"7":1,"8":1,"9":1,"16":1,"17":134,"18":134,"19":134,"20":134,"21":134,"24":134,"26":134,"27":134,"28":134,"29":134,"30":134,"31":134,"32":134,"34":134,"35":134,"36":134,"37":134,"38":134,"39":134,"40":134,"41":134,"42":134,"43":134,"44":134,"47":134,"48":49,"49":18,"50":18,"51":134,"54":134,"55":31,"56":31,"57":134,"60":134,"61":134,"62":11,"63":11,"64":7,"65":7,"66":11,"67":134,"68":134,"70":134,"71":134,"72":134,"74":134,"75":134,"76":134,"77":134,"78":134,"79":134,"80":134,"81":134,"83":134,"84":134,"85":134,"86":134,"87":134,"88":134,"89":134,"90":134,"92":134,"93":134,"94":134,"95":134,"96":134,"97":134,"98":134,"99":134,"101":134},"branchMap":{"0":{"type":"branch","line":17,"loc":{"start":{"line":17,"column":33},"end":{"line":102,"column":1}},"locations":[{"start":{"line":17,"column":33},"end":{"line":102,"column":1}}]},"1":{"type":"branch","line":44,"loc":{"start":{"line":44,"column":14},"end":{"line":44,"column":52}},"locations":[{"start":{"line":44,"column":14},"end":{"line":44,"column":52}}]},"2":{"type":"branch","line":79,"loc":{"start":{"line":79,"column":22},"end":{"line":79,"column":62}},"locations":[{"start":{"line":79,"column":22},"end":{"line":79,"column":62}}]},"3":{"type":"branch","line":90,"loc":{"start":{"line":90,"column":18},"end":{"line":90,"column":57}},"locations":[{"start":{"line":90,"column":18},"end":{"line":90,"column":57}}]},"4":{"type":"branch","line":95,"loc":{"start":{"line":95,"column":33},"end":{"line":95,"column":52}},"locations":[{"start":{"line":95,"column":33},"end":{"line":95,"column":52}}]},"5":{"type":"branch","line":48,"loc":{"start":{"line":48,"column":12},"end":{"line":52,"column":5}},"locations":[{"start":{"line":48,"column":12},"end":{"line":52,"column":5}}]},"6":{"type":"branch","line":49,"loc":{"start":{"line":49,"column":33},"end":{"line":51,"column":5}},"locations":[{"start":{"line":49,"column":33},"end":{"line":51,"column":5}}]},"7":{"type":"branch","line":55,"loc":{"start":{"line":55,"column":12},"end":{"line":58,"column":5}},"locations":[{"start":{"line":55,"column":12},"end":{"line":58,"column":5}}]},"8":{"type":"branch","line":62,"loc":{"start":{"line":62,"column":4},"end":{"line":67,"column":6}},"locations":[{"start":{"line":62,"column":4},"end":{"line":67,"column":6}}]},"9":{"type":"branch","line":64,"loc":{"start":{"line":64,"column":45},"end":{"line":66,"column":7}},"locations":[{"start":{"line":64,"column":45},"end":{"line":66,"column":7}}]}},"b":{"0":[134],"1":[108],"2":[108],"3":[108],"4":[98],"5":[49],"6":[18],"7":[31],"8":[11],"9":[7]},"fnMap":{"0":{"name":"MoveBasedQuestion","decl":{"start":{"line":17,"column":33},"end":{"line":102,"column":1}},"loc":{"start":{"line":17,"column":33},"end":{"line":102,"column":1}},"line":17}},"f":{"0":134}}
,"/home/titux/webdev/labo/20250928-vite-react-chess-game-learning/src/features/questions/MultipleChoice.tsx": {"path":"/home/titux/webdev/labo/20250928-vite-react-chess-game-learning/src/features/questions/MultipleChoice.tsx","all":false,"statementMap":{"0":{"start":{"line":1,"column":0},"end":{"line":1,"column":44}},"1":{"start":{"line":2,"column":0},"end":{"line":2,"column":56}},"2":{"start":{"line":3,"column":0},"end":{"line":3,"column":44}},"3":{"start":{"line":4,"column":0},"end":{"line":4,"column":98}},"5":{"start":{"line":6,"column":0},"end":{"line":6,"column":51}},"12":{"start":{"line":13,"column":0},"end":{"line":13,"column":99}},"13":{"start":{"line":14,"column":0},"end":{"line":14,"column":75}},"14":{"start":{"line":15,"column":0},"end":{"line":15,"column":61}},"15":{"start":{"line":16,"column":0},"end":{"line":16,"column":48}},"17":{"start":{"line":18,"column":0},"end":{"line":18,"column":40}},"19":{"start":{"line":20,"column":0},"end":{"line":20,"column":41}},"20":{"start":{"line":21,"column":0},"end":{"line":21,"column":25}},"21":{"start":{"line":22,"column":0},"end":{"line":22,"column":36}},"22":{"start":{"line":23,"column":0},"end":{"line":23,"column":14}},"23":{"start":{"line":24,"column":0},"end":{"line":24,"column":7}},"25":{"start":{"line":26,"column":0},"end":{"line":26,"column":31}},"26":{"start":{"line":27,"column":0},"end":{"line":27,"column":6}},"27":{"start":{"line":28,"column":0},"end":{"line":28,"column":29}},"28":{"start":{"line":29,"column":0},"end":{"line":29,"column":3}},"30":{"start":{"line":31,"column":0},"end":{"line":31,"column":42}},"31":{"start":{"line":32,"column":0},"end":{"line":32,"column":53}},"32":{"start":{"line":33,"column":0},"end":{"line":33,"column":12}},"33":{"start":{"line":34,"column":0},"end":{"line":34,"column":5}},"35":{"start":{"line":36,"column":0},"end":{"line":36,"column":63}},"36":{"start":{"line":37,"column":0},"end":{"line":37,"column":48}},"37":{"start":{"line":38,"column":0},"end":{"line":38,"column":39}},"38":{"start":{"line":39,"column":0},"end":{"line":39,"column":81}},"40":{"start":{"line":41,"column":0},"end":{"line":41,"column":19}},"41":{"start":{"line":42,"column":0},"end":{"line":42,"column":55}},"42":{"start":{"line":43,"column":0},"end":{"line":43,"column":41}},"44":{"start":{"line":45,"column":0},"end":{"line":45,"column":22}},"45":{"start":{"line":46,"column":0},"end":{"line":46,"column":25}},"46":{"start":{"line":47,"column":0},"end":{"line":47,"column":28}},"47":{"start":{"line":48,"column":0},"end":{"line":48,"column":62}},"48":{"start":{"line":49,"column":0},"end":{"line":49,"column":15}},"49":{"start":{"line":50,"column":0},"end":{"line":50,"column":23}},"50":{"start":{"line":51,"column":0},"end":{"line":51,"column":28}},"51":{"start":{"line":52,"column":0},"end":{"line":52,"column":79}},"52":{"start":{"line":53,"column":0},"end":{"line":53,"column":15}},"53":{"start":{"line":54,"column":0},"end":{"line":54,"column":21}},"54":{"start":{"line":55,"column":0},"end":{"line":55,"column":28}},"55":{"start":{"line":56,"column":0},"end":{"line":56,"column":40}},"56":{"start":{"line":57,"column":0},"end":{"line":57,"column":52}},"57":{"start":{"line":58,"column":0},"end":{"line":58,"column":18}},"58":{"start":{"line":59,"column":0},"end":{"line":59,"column":11}},"59":{"start":{"line":60,"column":0},"end":{"line":60,"column":24}},"60":{"start":{"line":61,"column":0},"end":{"line":61,"column":15}},"61":{"start":{"line":62,"column":0},"end":{"line":62,"column":7}},"62":{"start":{"line":63,"column":0},"end":{"line":63,"column":5}},"64":{"start":{"line":65,"column":0},"end":{"line":65,"column":53}},"65":{"start":{"line":66,"column":0},"end":{"line":66,"column":69}},"66":{"start":{"line":67,"column":0},"end":{"line":67,"column":84}},"68":{"start":{"line":69,"column":0},"end":{"line":69,"column":44}},"70":{"start":{"line":71,"column":0},"end":{"line":71,"column":24}},"71":{"start":{"line":72,"column":0},"end":{"line":72,"column":27}},"72":{"start":{"line":73,"column":0},"end":{"line":73,"column":8}},"75":{"start":{"line":76,"column":0},"end":{"line":76,"column":68}},"76":{"start":{"line":77,"column":0},"end":{"line":77,"column":12}},"77":{"start":{"line":78,"column":0},"end":{"line":78,"column":22}},"78":{"start":{"line":79,"column":0},"end":{"line":79,"column":41}},"79":{"start":{"line":80,"column":0},"end":{"line":80,"column":42}},"80":{"start":{"line":81,"column":0},"end":{"line":81,"column":35}},"81":{"start":{"line":82,"column":0},"end":{"line":82,"column":8}},"83":{"start":{"line":84,"column":0},"end":{"line":84,"column":3}},"85":{"start":{"line":86,"column":0},"end":{"line":86,"column":10}},"86":{"start":{"line":87,"column":0},"end":{"line":87,"column":60}},"87":{"start":{"line":88,"column":0},"end":{"line":88,"column":99}},"89":{"start":{"line":90,"column":0},"end":{"line":90,"column":33}},"90":{"start":{"line":91,"column":0},"end":{"line":91,"column":41}},"91":{"start":{"line":92,"column":0},"end":{"line":92,"column":54}},"92":{"start":{"line":93,"column":0},"end":{"line":93,"column":50}},"93":{"start":{"line":94,"column":0},"end":{"line":94,"column":52}},"95":{"start":{"line":96,"column":0},"end":{"line":96,"column":18}},"96":{"start":{"line":97,"column":0},"end":{"line":97,"column":19}},"97":{"start":{"line":98,"column":0},"end":{"line":98,"column":26}},"98":{"start":{"line":99,"column":0},"end":{"line":99,"column":56}},"99":{"start":{"line":100,"column":0},"end":{"line":100,"column":35}},"100":{"start":{"line":101,"column":0},"end":{"line":101,"column":26}},"103":{"start":{"line":104,"column":0},"end":{"line":104,"column":28}},"104":{"start":{"line":105,"column":0},"end":{"line":105,"column":70}},"105":{"start":{"line":106,"column":0},"end":{"line":106,"column":86}},"106":{"start":{"line":107,"column":0},"end":{"line":107,"column":17}},"107":{"start":{"line":108,"column":0},"end":{"line":108,"column":87}},"109":{"start":{"line":110,"column":0},"end":{"line":110,"column":28}},"110":{"start":{"line":111,"column":0},"end":{"line":111,"column":53}},"111":{"start":{"line":112,"column":0},"end":{"line":112,"column":103}},"112":{"start":{"line":113,"column":0},"end":{"line":113,"column":17}},"116":{"start":{"line":117,"column":0},"end":{"line":117,"column":22}},"117":{"start":{"line":118,"column":0},"end":{"line":118,"column":21}},"119":{"start":{"line":120,"column":0},"end":{"line":120,"column":11}},"120":{"start":{"line":121,"column":0},"end":{"line":121,"column":12}},"122":{"start":{"line":123,"column":0},"end":{"line":123,"column":54}},"123":{"start":{"line":124,"column":0},"end":{"line":124,"column":76}},"125":{"start":{"line":126,"column":0},"end":{"line":126,"column":17}},"127":{"start":{"line":128,"column":0},"end":{"line":128,"column":10}},"129":{"start":{"line":130,"column":0},"end":{"line":130,"column":1}}},"s":{"0":1,"1":1,"2":1,"3":1,"5":1,"12":1,"13":78,"14":78,"15":78,"17":78,"19":78,"20":78,"21":14,"22":0,"23":0,"25":14,"26":14,"27":78,"28":78,"30":78,"31":12,"32":0,"33":0,"35":12,"36":12,"37":12,"38":78,"40":78,"41":78,"42":27,"44":24,"45":27,"46":13,"47":13,"48":13,"49":27,"50":2,"51":2,"52":2,"53":27,"54":8,"55":8,"56":5,"57":5,"58":5,"59":3,"60":3,"61":27,"62":27,"64":78,"65":78,"66":78,"68":78,"70":4,"71":4,"72":78,"75":78,"76":12,"77":12,"78":12,"79":12,"80":12,"81":12,"83":12,"85":66,"86":66,"87":66,"89":66,"90":66,"91":256,"92":256,"93":256,"95":256,"96":256,"97":256,"98":256,"99":256,"100":256,"103":256,"104":19,"105":237,"106":256,"107":256,"109":256,"110":0,"111":256,"112":256,"116":256,"117":256,"119":66,"120":66,"122":78,"123":19,"125":19,"127":78,"129":78},"branchMap":{"0":{"type":"branch","line":13,"loc":{"start":{"line":13,"column":30},"end":{"line":130,"column":1}},"locations":[{"start":{"line":13,"column":30},"end":{"line":130,"column":1}}]},"1":{"type":"branch","line":18,"loc":{"start":{"line":18,"column":27},"end":{"line":18,"column":40}},"locations":[{"start":{"line":18,"column":27},"end":{"line":18,"column":40}}]},"2":{"type":"branch","line":76,"loc":{"start":{"line":76,"column":20},"end":{"line":76,"column":67}},"locations":[{"start":{"line":76,"column":20},"end":{"line":76,"column":67}}]},"3":{"type":"branch","line":76,"loc":{"start":{"line":76,"column":67},"end":{"line":84,"column":3}},"locations":[{"start":{"line":76,"column":67},"end":{"line":84,"column":3}}]},"4":{"type":"branch","line":84,"loc":{"start":{"line":84,"column":2},"end":{"line":123,"column":25}},"locations":[{"start":{"line":84,"column":2},"end":{"line":123,"column":25}}]},"5":{"type":"branch","line":123,"loc":{"start":{"line":123,"column":7},"end":{"line":123,"column":54}},"locations":[{"start":{"line":123,"column":7},"end":{"line":123,"column":54}}]},"6":{"type":"branch","line":123,"loc":{"start":{"line":123,"column":40},"end":{"line":126,"column":17}},"locations":[{"start":{"line":123,"column":40},"end":{"line":126,"column":17}}]},"7":{"type":"branch","line":21,"loc":{"start":{"line":21,"column":4},"end":{"line":27,"column":6}},"locations":[{"start":{"line":21,"column":4},"end":{"line":27,"column":6}}]},"8":{"type":"branch","line":22,"loc":{"start":{"line":22,"column":35},"end":{"line":24,"column":7}},"locations":[{"start":{"line":22,"column":35},"end":{"line":24,"column":7}}]},"9":{"type":"branch","line":31,"loc":{"start":{"line":31,"column":35},"end":{"line":39,"column":5}},"locations":[{"start":{"line":31,"column":35},"end":{"line":39,"column":5}}]},"10":{"type":"branch","line":32,"loc":{"start":{"line":32,"column":52},"end":{"line":34,"column":5}},"locations":[{"start":{"line":32,"column":52},"end":{"line":34,"column":5}}]},"11":{"type":"branch","line":41,"loc":{"start":{"line":41,"column":12},"end":{"line":67,"column":5}},"locations":[{"start":{"line":41,"column":12},"end":{"line":67,"column":5}}]},"12":{"type":"branch","line":42,"loc":{"start":{"line":42,"column":26},"end":{"line":63,"column":5}},"locations":[{"start":{"line":42,"column":26},"end":{"line":63,"column":5}}]},"13":{"type":"branch","line":43,"loc":{"start":{"line":43,"column":35},"end":{"line":43,"column":41}},"locations":[{"start":{"line":43,"column":35},"end":{"line":43,"column":41}}]},"14":{"type":"branch","line":43,"loc":{"start":{"line":43,"column":35},"end":{"line":45,"column":22}},"locations":[{"start":{"line":43,"column":35},"end":{"line":45,"column":22}}]},"15":{"type":"branch","line":46,"loc":{"start":{"line":46,"column":8},"end":{"line":49,"column":15}},"locations":[{"start":{"line":46,"column":8},"end":{"line":49,"column":15}}]},"16":{"type":"branch","line":50,"loc":{"start":{"line":50,"column":8},"end":{"line":53,"column":15}},"locations":[{"start":{"line":50,"column":8},"end":{"line":53,"column":15}}]},"17":{"type":"branch","line":54,"loc":{"start":{"line":54,"column":8},"end":{"line":61,"column":15}},"locations":[{"start":{"line":54,"column":8},"end":{"line":61,"column":15}}]},"18":{"type":"branch","line":56,"loc":{"start":{"line":56,"column":39},"end":{"line":61,"column":15}},"locations":[{"start":{"line":56,"column":39},"end":{"line":61,"column":15}}]},"19":{"type":"branch","line":56,"loc":{"start":{"line":56,"column":39},"end":{"line":59,"column":11}},"locations":[{"start":{"line":56,"column":39},"end":{"line":59,"column":11}}]},"20":{"type":"branch","line":59,"loc":{"start":{"line":59,"column":10},"end":{"line":61,"column":15}},"locations":[{"start":{"line":59,"column":10},"end":{"line":61,"column":15}}]},"21":{"type":"branch","line":48,"loc":{"start":{"line":48,"column":26},"end":{"line":48,"column":61}},"locations":[{"start":{"line":48,"column":26},"end":{"line":48,"column":61}}]},"22":{"type":"branch","line":52,"loc":{"start":{"line":52,"column":26},"end":{"line":52,"column":78}},"locations":[{"start":{"line":52,"column":26},"end":{"line":52,"column":78}}]},"23":{"type":"branch","line":66,"loc":{"start":{"line":66,"column":11},"end":{"line":66,"column":69}},"locations":[{"start":{"line":66,"column":11},"end":{"line":66,"column":69}}]},"24":{"type":"branch","line":69,"loc":{"start":{"line":69,"column":37},"end":{"line":73,"column":5}},"locations":[{"start":{"line":69,"column":37},"end":{"line":73,"column":5}}]},"25":{"type":"branch","line":91,"loc":{"start":{"line":91,"column":21},"end":{"line":120,"column":9}},"locations":[{"start":{"line":91,"column":21},"end":{"line":120,"column":9}}]},"26":{"type":"branch","line":104,"loc":{"start":{"line":104,"column":18},"end":{"line":105,"column":70}},"locations":[{"start":{"line":104,"column":18},"end":{"line":105,"column":70}}]},"27":{"type":"branch","line":105,"loc":{"start":{"line":105,"column":22},"end":{"line":106,"column":86}},"locations":[{"start":{"line":105,"column":22},"end":{"line":106,"column":86}}]},"28":{"type":"branch","line":108,"loc":{"start":{"line":108,"column":18},"end":{"line":108,"column":45}},"locations":[{"start":{"line":108,"column":18},"end":{"line":108,"column":45}}]},"29":{"type":"branch","line":108,"loc":{"start":{"line":108,"column":32},"end":{"line":108,"column":84}},"locations":[{"start":{"line":108,"column":32},"end":{"line":108,"column":84}}]},"30":{"type":"branch","line":108,"loc":{"start":{"line":108,"column":45},"end":{"line":108,"column":86}},"locations":[{"start":{"line":108,"column":45},"end":{"line":108,"column":86}}]},"31":{"type":"branch","line":110,"loc":{"start":{"line":110,"column":18},"end":{"line":111,"column":53}},"locations":[{"start":{"line":110,"column":18},"end":{"line":111,"column":53}}]},"32":{"type":"branch","line":99,"loc":{"start":{"line":99,"column":23},"end":{"line":99,"column":56}},"locations":[{"start":{"line":99,"column":23},"end":{"line":99,"column":56}}]}},"b":{"0":[78],"1":[1],"2":[12],"3":[12],"4":[66],"5":[19],"6":[19],"7":[14],"8":[0],"9":[12],"10":[0],"11":[78],"12":[27],"13":[3],"14":[24],"15":[13],"16":[2],"17":[8],"18":[7],"19":[5],"20":[3],"21":[13],"22":[2],"23":[78],"24":[4],"25":[256],"26":[19],"27":[237],"28":[64],"29":[64],"30":[192],"31":[0],"32":[14]},"fnMap":{"0":{"name":"MultipleChoice","decl":{"start":{"line":13,"column":30},"end":{"line":130,"column":1}},"loc":{"start":{"line":13,"column":30},"end":{"line":130,"column":1}},"line":13},"1":{"name":"handleKeyDown","decl":{"start":{"line":42,"column":26},"end":{"line":63,"column":5}},"loc":{"start":{"line":42,"column":26},"end":{"line":63,"column":5}},"line":42},"2":{"name":"onClick","decl":{"start":{"line":99,"column":23},"end":{"line":99,"column":56}},"loc":{"start":{"line":99,"column":23},"end":{"line":99,"column":56}},"line":99}},"f":{"0":78,"1":27,"2":14}}
,"/home/titux/webdev/labo/20250928-vite-react-chess-game-learning/src/features/questions/components/ChessBoardSection.tsx": {"path":"/home/titux/webdev/labo/20250928-vite-react-chess-game-learning/src/features/questions/components/ChessBoardSection.tsx","all":false,"statementMap":{"1":{"start":{"line":2,"column":0},"end":{"line":2,"column":61}},"13":{"start":{"line":14,"column":0},"end":{"line":14,"column":35}},"14":{"start":{"line":15,"column":0},"end":{"line":15,"column":11}},"15":{"start":{"line":16,"column":0},"end":{"line":16,"column":7}},"16":{"start":{"line":17,"column":0},"end":{"line":17,"column":11}},"17":{"start":{"line":18,"column":0},"end":{"line":18,"column":14}},"18":{"start":{"line":19,"column":0},"end":{"line":19,"column":20}},"19":{"start":{"line":20,"column":0},"end":{"line":20,"column":8}},"20":{"start":{"line":21,"column":0},"end":{"line":21,"column":31}},"21":{"start":{"line":22,"column":0},"end":{"line":22,"column":10}},"22":{"start":{"line":23,"column":0},"end":{"line":23,"column":41}},"23":{"start":{"line":24,"column":0},"end":{"line":24,"column":17}},"24":{"start":{"line":25,"column":0},"end":{"line":25,"column":100}},"25":{"start":{"line":26,"column":0},"end":{"line":26,"column":29}},"26":{"start":{"line":27,"column":0},"end":{"line":27,"column":33}},"27":{"start":{"line":28,"column":0},"end":{"line":28,"column":23}},"28":{"start":{"line":29,"column":0},"end":{"line":29,"column":8}},"29":{"start":{"line":30,"column":0},"end":{"line":30,"column":10}},"31":{"start":{"line":32,"column":0},"end":{"line":32,"column":1}}},"s":{"1":1,"13":1,"14":127,"15":127,"16":127,"17":127,"18":127,"19":127,"20":127,"21":127,"22":127,"23":127,"24":127,"25":127,"26":127,"27":127,"28":127,"29":127,"31":127},"branchMap":{"0":{"type":"branch","line":14,"loc":{"start":{"line":14,"column":33},"end":{"line":32,"column":1}},"locations":[{"start":{"line":14,"column":33},"end":{"line":32,"column":1}}]},"1":{"type":"branch","line":28,"loc":{"start":{"line":28,"column":8},"end":{"line":28,"column":23}},"locations":[{"start":{"line":28,"column":8},"end":{"line":28,"column":23}}]},"2":{"type":"branch","line":28,"loc":{"start":{"line":28,"column":8},"end":{"line":28,"column":23}},"locations":[{"start":{"line":28,"column":8},"end":{"line":28,"column":23}}]}},"b":{"0":[127],"1":[2],"2":[97]},"fnMap":{"0":{"name":"ChessBoardSection","decl":{"start":{"line":14,"column":33},"end":{"line":32,"column":1}},"loc":{"start":{"line":14,"column":33},"end":{"line":32,"column":1}},"line":14}},"f":{"0":127}}
,"/home/titux/webdev/labo/20250928-vite-react-chess-game-learning/src/features/questions/components/KeyboardInputSection.tsx": {"path":"/home/titux/webdev/labo/20250928-vite-react-chess-game-learning/src/features/questions/components/KeyboardInputSection.tsx","all":false,"statementMap":{"0":{"start":{"line":1,"column":0},"end":{"line":1,"column":44}},"11":{"start":{"line":12,"column":0},"end":{"line":12,"column":38}},"12":{"start":{"line":13,"column":0},"end":{"line":13,"column":15}},"13":{"start":{"line":14,"column":0},"end":{"line":14,"column":18}},"14":{"start":{"line":15,"column":0},"end":{"line":15,"column":16}},"15":{"start":{"line":16,"column":0},"end":{"line":16,"column":11}},"16":{"start":{"line":17,"column":0},"end":{"line":17,"column":12}},"17":{"start":{"line":18,"column":0},"end":{"line":18,"column":10}},"18":{"start":{"line":19,"column":0},"end":{"line":19,"column":34}},"19":{"start":{"line":20,"column":0},"end":{"line":20,"column":10}},"20":{"start":{"line":21,"column":0},"end":{"line":21,"column":31}},"21":{"start":{"line":22,"column":0},"end":{"line":22,"column":12}},"22":{"start":{"line":23,"column":0},"end":{"line":23,"column":28}},"23":{"start":{"line":24,"column":0},"end":{"line":24,"column":78}},"24":{"start":{"line":25,"column":0},"end":{"line":25,"column":7}},"26":{"start":{"line":27,"column":0},"end":{"line":27,"column":14}},"28":{"start":{"line":29,"column":0},"end":{"line":29,"column":34}},"29":{"start":{"line":30,"column":0},"end":{"line":30,"column":14}},"30":{"start":{"line":31,"column":0},"end":{"line":31,"column":25}},"31":{"start":{"line":32,"column":0},"end":{"line":32,"column":21}},"32":{"start":{"line":33,"column":0},"end":{"line":33,"column":30}},"33":{"start":{"line":34,"column":0},"end":{"line":34,"column":57}},"34":{"start":{"line":35,"column":0},"end":{"line":35,"column":31}},"35":{"start":{"line":36,"column":0},"end":{"line":36,"column":29}},"36":{"start":{"line":37,"column":0},"end":{"line":37,"column":40}},"37":{"start":{"line":38,"column":0},"end":{"line":38,"column":22}},"40":{"start":{"line":41,"column":0},"end":{"line":41,"column":22}},"41":{"start":{"line":42,"column":0},"end":{"line":42,"column":115}},"42":{"start":{"line":43,"column":0},"end":{"line":43,"column":137}},"43":{"start":{"line":44,"column":0},"end":{"line":44,"column":13}},"47":{"start":{"line":48,"column":0},"end":{"line":48,"column":10}},"49":{"start":{"line":50,"column":0},"end":{"line":50,"column":97}},"51":{"start":{"line":52,"column":0},"end":{"line":52,"column":17}},"52":{"start":{"line":53,"column":0},"end":{"line":53,"column":12}},"54":{"start":{"line":55,"column":0},"end":{"line":55,"column":98}},"55":{"start":{"line":56,"column":0},"end":{"line":56,"column":10}},"57":{"start":{"line":58,"column":0},"end":{"line":58,"column":1}}},"s":{"0":1,"11":1,"12":127,"13":127,"14":127,"15":127,"16":127,"17":127,"18":127,"19":127,"20":127,"21":127,"22":127,"23":127,"24":127,"26":127,"28":127,"29":127,"30":127,"31":127,"32":127,"33":127,"34":127,"35":127,"36":127,"37":127,"40":127,"41":30,"42":97,"43":127,"47":127,"49":127,"51":127,"52":127,"54":127,"55":127,"57":127},"branchMap":{"0":{"type":"branch","line":12,"loc":{"start":{"line":12,"column":36},"end":{"line":58,"column":1}},"locations":[{"start":{"line":12,"column":36},"end":{"line":58,"column":1}}]},"1":{"type":"branch","line":41,"loc":{"start":{"line":41,"column":14},"end":{"line":42,"column":115}},"locations":[{"start":{"line":41,"column":14},"end":{"line":42,"column":115}}]},"2":{"type":"branch","line":42,"loc":{"start":{"line":42,"column":18},"end":{"line":43,"column":137}},"locations":[{"start":{"line":42,"column":18},"end":{"line":43,"column":137}}]},"3":{"type":"branch","line":50,"loc":{"start":{"line":50,"column":45},"end":{"line":50,"column":79}},"locations":[{"start":{"line":50,"column":45},"end":{"line":50,"column":79}}]},"4":{"type":"branch","line":55,"loc":{"start":{"line":55,"column":7},"end":{"line":55,"column":98}},"locations":[{"start":{"line":55,"column":7},"end":{"line":55,"column":98}}]},"5":{"type":"branch","line":34,"loc":{"start":{"line":34,"column":20},"end":{"line":34,"column":57}},"locations":[{"start":{"line":34,"column":20},"end":{"line":34,"column":57}}]}},"b":{"0":[127],"1":[30],"2":[97],"3":[97],"4":[1],"5":[35]},"fnMap":{"0":{"name":"KeyboardInputSection","decl":{"start":{"line":12,"column":36},"end":{"line":58,"column":1}},"loc":{"start":{"line":12,"column":36},"end":{"line":58,"column":1}},"line":12},"1":{"name":"onChange","decl":{"start":{"line":34,"column":20},"end":{"line":34,"column":57}},"loc":{"start":{"line":34,"column":20},"end":{"line":34,"column":57}},"line":34}},"f":{"0":127,"1":35}}
[...]
line":11,"column":0},"end":{"line":11,"column":71}},"11":{"start":{"line":12,"column":0},"end":{"line":12,"column":23}},"12":{"start":{"line":13,"column":0},"end":{"line":13,"column":17}},"13":{"start":{"line":14,"column":0},"end":{"line":14,"column":23}},"14":{"start":{"line":15,"column":0},"end":{"line":15,"column":2}},"16":{"start":{"line":17,"column":0},"end":{"line":17,"column":55}},"17":{"start":{"line":18,"column":0},"end":{"line":18,"column":18}},"18":{"start":{"line":19,"column":0},"end":{"line":19,"column":24}},"19":{"start":{"line":20,"column":0},"end":{"line":20,"column":13}},"20":{"start":{"line":21,"column":0},"end":{"line":21,"column":4}},"21":{"start":{"line":22,"column":0},"end":{"line":22,"column":1}},"23":{"start":{"line":24,"column":0},"end":{"line":24,"column":57}},"24":{"start":{"line":25,"column":0},"end":{"line":25,"column":18}},"25":{"start":{"line":26,"column":0},"end":{"line":26,"column":24}},"26":{"start":{"line":27,"column":0},"end":{"line":27,"column":31}},"27":{"start":{"line":28,"column":0},"end":{"line":28,"column":4}},"28":{"start":{"line":29,"column":0},"end":{"line":29,"column":1}},"30":{"start":{"line":31,"column":0},"end":{"line":31,"column":61}},"31":{"start":{"line":32,"column":0},"end":{"line":32,"column":18}},"32":{"start":{"line":33,"column":0},"end":{"line":33,"column":24}},"33":{"start":{"line":34,"column":0},"end":{"line":34,"column":27}},"34":{"start":{"line":35,"column":0},"end":{"line":35,"column":4}},"35":{"start":{"line":36,"column":0},"end":{"line":36,"column":1}}},"s":{"0":1,"9":1,"10":1,"11":1,"12":1,"13":1,"14":1,"16":1,"17":9,"18":9,"19":9,"20":9,"21":9,"23":1,"24":11,"25":11,"26":11,"27":11,"28":11,"30":1,"31":17,"32":17,"33":17,"34":17,"35":17},"branchMap":{"0":{"type":"branch","line":17,"loc":{"start":{"line":17,"column":32},"end":{"line":22,"column":1}},"locations":[{"start":{"line":17,"column":32},"end":{"line":22,"column":1}}]},"1":{"type":"branch","line":24,"loc":{"start":{"line":24,"column":30},"end":{"line":29,"column":1}},"locations":[{"start":{"line":24,"column":30},"end":{"line":29,"column":1}}]},"2":{"type":"branch","line":31,"loc":{"start":{"line":31,"column":33},"end":{"line":36,"column":1}},"locations":[{"start":{"line":31,"column":33},"end":{"line":36,"column":1}}]}},"b":{"0":[9],"1":[11],"2":[17]},"fnMap":{"0":{"name":"setChessPosition","decl":{"start":{"line":17,"column":32},"end":{"line":22,"column":1}},"loc":{"start":{"line":17,"column":32},"end":{"line":22,"column":1}},"line":17},"1":{"name":"setInteractive","decl":{"start":{"line":24,"column":30},"end":{"line":29,"column":1}},"loc":{"start":{"line":24,"column":30},"end":{"line":29,"column":1}},"line":24},"2":{"name":"setSelectedSquare","decl":{"start":{"line":31,"column":33},"end":{"line":36,"column":1}},"loc":{"start":{"line":31,"column":33},"end":{"line":36,"column":1}},"line":31}},"f":{"0":9,"1":11,"2":17}}
,"/home/titux/webdev/labo/20250928-vite-react-chess-game-learning/src/stores/progressStore.ts": {"path":"/home/titux/webdev/labo/20250928-vite-react-chess-game-learning/src/stores/progressStore.ts","all":false,"statementMap":{"0":{"start":{"line":1,"column":0},"end":{"line":1,"column":32}},"8":{"start":{"line":9,"column":0},"end":{"line":9,"column":44}},"9":{"start":{"line":10,"column":0},"end":{"line":10,"column":31}},"10":{"start":{"line":11,"column":0},"end":{"line":11,"column":21}},"11":{"start":{"line":12,"column":0},"end":{"line":12,"column":22}},"12":{"start":{"line":13,"column":0},"end":{"line":13,"column":2}},"14":{"start":{"line":15,"column":0},"end":{"line":15,"column":76}},"15":{"start":{"line":16,"column":0},"end":{"line":16,"column":37}},"16":{"start":{"line":17,"column":0},"end":{"line":17,"column":57}},"17":{"start":{"line":18,"column":0},"end":{"line":18,"column":45}},"19":{"start":{"line":20,"column":0},"end":{"line":20,"column":57}},"20":{"start":{"line":21,"column":0},"end":{"line":21,"column":1}},"22":{"start":{"line":23,"column":0},"end":{"line":23,"column":74}},"23":{"start":{"line":24,"column":0},"end":{"line":24,"column":47}},"24":{"start":{"line":25,"column":0},"end":{"line":25,"column":51}},"25":{"start":{"line":26,"column":0},"end":{"line":26,"column":1}},"27":{"start":{"line":28,"column":0},"end":{"line":28,"column":83}},"28":{"start":{"line":29,"column":0},"end":{"line":29,"column":38}},"30":{"start":{"line":31,"column":0},"end":{"line":31,"column":66}},"31":{"start":{"line":32,"column":0},"end":{"line":32,"column":1}}},"s":{"0":1,"8":1,"9":1,"10":1,"11":1,"12":1,"14":1,"15":86,"16":86,"17":86,"19":86,"20":86,"22":1,"23":21,"24":21,"25":21,"27":1,"28":32,"30":32,"31":32},"branchMap":{"0":{"type":"branch","line":15,"loc":{"start":{"line":15,"column":35},"end":{"line":21,"column":1}},"locations":[{"start":{"line":15,"column":35},"end":{"line":21,"column":1}}]},"1":{"type":"branch","line":23,"loc":{"start":{"line":23,"column":33},"end":{"line":26,"column":1}},"locations":[{"start":{"line":23,"column":33},"end":{"line":26,"column":1}}]},"2":{"type":"branch","line":28,"loc":{"start":{"line":28,"column":33},"end":{"line":32,"column":1}},"locations":[{"start":{"line":28,"column":33},"end":{"line":32,"column":1}}]}},"b":{"0":[86],"1":[21],"2":[32]},"fnMap":{"0":{"name":"markChapterComplete","decl":{"start":{"line":15,"column":35},"end":{"line":21,"column":1}},"loc":{"start":{"line":15,"column":35},"end":{"line":21,"column":1}},"line":15},"1":{"name":"setCurrentChapter","decl":{"start":{"line":23,"column":33},"end":{"line":26,"column":1}},"loc":{"start":{"line":23,"column":33},"end":{"line":26,"column":1}},"line":23},"2":{"name":"isChapterComplete","decl":{"start":{"line":28,"column":33},"end":{"line":32,"column":1}},"loc":{"start":{"line":28,"column":33},"end":{"line":32,"column":1}},"line":28}},"f":{"0":86,"1":21,"2":32}}
,"/home/titux/webdev/labo/20250928-vite-react-chess-game-learning/src/types/story.ts": {"path":"/home/titux/webdev/labo/20250928-vite-react-chess-game-learning/src/types/story.ts","all":true,"statementMap":{},"s":{},"branchMap":{"0":{"type":"branch","line":1,"loc":{"start":{"line":1,"column":1411},"end":{"line":68,"column":1}},"locations":[{"start":{"line":1,"column":1411},"end":{"line":68,"column":1}}]}},"b":{"0":[1]},"fnMap":{"0":{"name":"(empty-report)","decl":{"start":{"line":1,"column":1411},"end":{"line":68,"column":1}},"loc":{"start":{"line":1,"column":1411},"end":{"line":68,"column":1}},"line":1}},"f":{"0":1}}
,"/home/titux/webdev/labo/20250928-vite-react-chess-game-learning/src/utils/markdownParser.ts": {"path":"/home/titux/webdev/labo/20250928-vite-react-chess-game-learning/src/utils/markdownParser.ts","all":false,"statementMap":{"0":{"start":{"line":1,"column":0},"end":{"line":1,"column":50}},"1":{"start":{"line":2,"column":0},"end":{"line":2,"column":38}},"2":{"start":{"line":3,"column":0},"end":{"line":3,"column":46}},"3":{"start":{"line":4,"column":0},"end":{"line":4,"column":33}},"4":{"start":{"line":5,"column":0},"end":{"line":5,"column":37}},"32":{"start":{"line":33,"column":0},"end":{"line":33,"column":51}},"33":{"start":{"line":34,"column":0},"end":{"line":34,"column":24}},"34":{"start":{"line":35,"column":0},"end":{"line":35,"column":21}},"35":{"start":{"line":36,"column":0},"end":{"line":36,"column":37}},"36":{"start":{"line":37,"column":0},"end":{"line":37,"column":33}},"37":{"start":{"line":38,"column":0},"end":{"line":38,"column":18}},"38":{"start":{"line":39,"column":0},"end":{"line":39,"column":6}},"39":{"start":{"line":40,"column":0},"end":{"line":40,"column":25}},"40":{"start":{"line":41,"column":0},"end":{"line":41,"column":25}},"42":{"start":{"line":43,"column":0},"end":{"line":43,"column":10}},"43":{"start":{"line":44,"column":0},"end":{"line":44,"column":57}},"44":{"start":{"line":45,"column":0},"end":{"line":45,"column":59}},"45":{"start":{"line":46,"column":0},"end":{"line":46,"column":3}},"46":{"start":{"line":47,"column":0},"end":{"line":47,"column":1}}},"s":{"0":1,"1":1,"2":1,"3":1,"4":1,"32":1,"33":12,"34":12,"35":12,"36":12,"37":12,"38":12,"39":12,"40":12,"42":12,"43":12,"44":12,"45":12,"46":12},"branchMap":{"0":{"type":"branch","line":33,"loc":{"start":{"line":33,"column":29},"end":{"line":47,"column":1}},"locations":[{"start":{"line":33,"column":29},"end":{"line":47,"column":1}}]},"1":{"type":"branch","line":37,"loc":{"start":{"line":37,"column":9},"end":{"line":39,"column":5}},"locations":[{"start":{"line":37,"column":9},"end":{"line":39,"column":5}}]},"2":{"type":"branch","line":37,"loc":{"start":{"line":37,"column":15},"end":{"line":39,"column":5}},"locations":[{"start":{"line":37,"column":15},"end":{"line":39,"column":5}}]}},"b":{"0":[12],"1":[12],"2":[12]},"fnMap":{"0":{"name":"parseMarkdown","decl":{"start":{"line":33,"column":29},"end":{"line":47,"column":1}},"loc":{"start":{"line":33,"column":29},"end":{"line":47,"column":1}},"line":33}},"f":{"0":12}}
,"/home/titux/webdev/labo/20250928-vite-react-chess-game-learning/src/utils/navigation.ts": {"path":"/home/titux/webdev/labo/20250928-vite-react-chess-game-learning/src/utils/navigation.ts","all":false,"statementMap":{"19":{"start":{"line":20,"column":0},"end":{"line":20,"column":66}},"20":{"start":{"line":21,"column":0},"end":{"line":21,"column":7}},"22":{"start":{"line":23,"column":0},"end":{"line":23,"column":61}},"24":{"start":{"line":25,"column":0},"end":{"line":25,"column":30}},"25":{"start":{"line":26,"column":0},"end":{"line":26,"column":19}},"26":{"start":{"line":27,"column":0},"end":{"line":27,"column":54}},"27":{"start":{"line":28,"column":0},"end":{"line":28,"column":13}},"28":{"start":{"line":29,"column":0},"end":{"line":29,"column":3}},"29":{"start":{"line":30,"column":0},"end":{"line":30,"column":1}},"52":{"start":{"line":53,"column":0},"end":{"line":53,"column":31}},"53":{"start":{"line":54,"column":0},"end":{"line":54,"column":27}},"54":{"start":{"line":55,"column":0},"end":{"line":55,"column":25}},"55":{"start":{"line":56,"column":0},"end":{"line":56,"column":26}},"56":{"start":{"line":57,"column":0},"end":{"line":57,"column":53}},"57":{"start":{"line":58,"column":0},"end":{"line":58,"column":76}},"58":{"start":{"line":59,"column":0},"end":{"line":59,"column":22}},"59":{"start":{"line":60,"column":0},"end":{"line":60,"column":15}},"60":{"start":{"line":61,"column":0},"end":{"line":61,"column":3}},"62":{"start":{"line":63,"column":0},"end":{"line":63,"column":62}},"63":{"start":{"line":64,"column":0},"end":{"line":64,"column":46}},"64":{"start":{"line":65,"column":0},"end":{"line":65,"column":3}},"67":{"start":{"line":68,"column":0},"end":{"line":68,"column":63}},"68":{"start":{"line":69,"column":0},"end":{"line":69,"column":12}},"69":{"start":{"line":70,"column":0},"end":{"line":70,"column":30}},"70":{"start":{"line":71,"column":0},"end":{"line":71,"column":66}},"71":{"start":{"line":72,"column":0},"end":{"line":72,"column":5}},"72":{"start":{"line":73,"column":0},"end":{"line":73,"column":3}},"75":{"start":{"line":76,"column":0},"end":{"line":76,"column":42}},"76":{"start":{"line":77,"column":0},"end":{"line":77,"column":67}},"77":{"start":{"line":78,"column":0},"end":{"line":78,"column":10}},"79":{"start":{"line":80,"column":0},"end":{"line":80,"column":54}},"80":{"start":{"line":81,"column":0},"end":{"line":81,"column":15}},"81":{"start":{"line":82,"column":0},"end":{"line":82,"column":3}},"83":{"start":{"line":84,"column":0},"end":{"line":84,"column":10}},"84":{"start":{"line":85,"column":0},"end":{"line":85,"column":26}},"85":{"start":{"line":86,"column":0},"end":{"line":86,"column":39}},"86":{"start":{"line":87,"column":0},"end":{"line":87,"column":3}},"87":{"start":{"line":88,"column":0},"end":{"line":88,"column":1}},"110":{"start":{"line":111,"column":0},"end":{"line":111,"column":35}},"111":{"start":{"line":112,"column":0},"end":{"line":112,"column":27}},"112":{"start":{"line":113,"column":0},"end":{"line":113,"column":25}},"113":{"start":{"line":114,"column":0},"end":{"line":114,"column":26}},"114":{"start":{"line":115,"column":0},"end":{"line":115,"column":53}},"115":{"start":{"line":116,"column":0},"end":{"line":116,"column":76}},"116":{"start":{"line":117,"column":0},"end":{"line":117,"column":22}},"117":{"start":{"line":118,"column":0},"end":{"line":118,"column":15}},"118":{"start":{"line":119,"column":0},"end":{"line":119,"column":3}},"120":{"start":{"line":121,"column":0},"end":{"line":121,"column":62}},"121":{"start":{"line":122,"column":0},"end":{"line":122,"column":46}},"122":{"start":{"line":123,"column":0},"end":{"line":123,"column":3}},"125":{"start":{"line":126,"column":0},"end":{"line":126,"column":32}},"126":{"start":{"line":127,"column":0},"end":{"line":127,"column":12}},"127":{"start":{"line":128,"column":0},"end":{"line":128,"column":30}},"128":{"start":{"line":129,"column":0},"end":{"line":129,"column":66}},"129":{"start":{"line":130,"column":0},"end":{"line":130,"column":5}},"130":{"start":{"line":131,"column":0},"end":{"line":131,"column":3}},"133":{"start":{"line":134,"column":0},"end":{"line":134,"column":36}},"134":{"start":{"line":135,"column":0},"end":{"line":135,"column":15}},"135":{"start":{"line":136,"column":0},"end":{"line":136,"column":3}},"137":{"start":{"line":138,"column":0},"end":{"line":138,"column":89}},"139":{"start":{"line":140,"column":0},"end":{"line":140,"column":62}},"140":{"start":{"line":141,"column":0},"end":{"line":141,"column":15}},"141":{"start":{"line":142,"column":0},"end":{"line":142,"column":3}},"143":{"start":{"line":144,"column":0},"end":{"line":144,"column":10}},"144":{"start":{"line":145,"column":0},"end":{"line":145,"column":30}},"145":{"start":{"line":146,"column":0},"end":{"line":146,"column":75}},"146":{"start":{"line":147,"column":0},"end":{"line":147,"column":3}},"147":{"start":{"line":148,"column":0},"end":{"line":148,"column":1}}},"s":{"19":1,"20":1,"22":1,"24":1,"25":1,"26":0,"27":0,"28":0,"29":1,"52":1,"53":9,"54":9,"55":9,"56":9,"57":9,"58":9,"59":2,"60":2,"62":7,"63":7,"64":7,"67":9,"68":2,"69":2,"70":2,"71":2,"72":2,"75":5,"76":3,"77":2,"79":9,"80":4,"81":4,"83":1,"84":1,"85":1,"86":1,"87":1,"110":1,"111":9,"112":9,"113":9,"114":9,"115":9,"116":9,"117":2,"118":2,"120":7,"121":7,"122":7,"125":9,"126":1,"127":1,"128":1,"129":1,"130":1,"133":9,"134":3,"135":3,"137":3,"139":9,"140":2,"141":2,"143":1,"144":1,"145":1,"146":1,"147":1},"branchMap":{"0":{"type":"branch","line":20,"loc":{"start":{"line":20,"column":30},"end":{"line":30,"column":1}},"locations":[{"start":{"line":20,"column":30},"end":{"line":30,"column":1}}]},"1":{"type":"branch","line":26,"loc":{"start":{"line":26,"column":2},"end":{"line":29,"column":3}},"locations":[{"start":{"line":26,"column":2},"end":{"line":29,"column":3}}]},"2":{"type":"branch","line":53,"loc":{"start":{"line":53,"column":30},"end":{"line":88,"column":1}},"locations":[{"start":{"line":53,"column":30},"end":{"line":88,"column":1}}]},"3":{"type":"branch","line":59,"loc":{"start":{"line":59,"column":21},"end":{"line":61,"column":3}},"locations":[{"start":{"line":59,"column":21},"end":{"line":61,"column":3}}]},"4":{"type":"branch","line":61,"loc":{"start":{"line":61,"column":2},"end":{"line":68,"column":62}},"locations":[{"start":{"line":61,"column":2},"end":{"line":68,"column":62}}]},"5":{"type":"branch","line":68,"loc":{"start":{"line":68,"column":62},"end":{"line":73,"column":3}},"locations":[{"start":{"line":68,"column":62},"end":{"line":73,"column":3}}]},"6":{"type":"branch","line":73,"loc":{"start":{"line":73,"column":2},"end":{"line":76,"column":42}},"locations":[{"start":{"line":73,"column":2},"end":{"line":76,"column":42}}]},"7":{"type":"branch","line":76,"loc":{"start":{"line":76,"column":33},"end":{"line":77,"column":67}},"locations":[{"start":{"line":76,"column":33},"end":{"line":77,"column":67}}]},"8":{"type":"branch","line":77,"loc":{"start":{"line":77,"column":66},"end":{"line":78,"column":10}},"locations":[{"start":{"line":77,"column":66},"end":{"line":78,"column":10}}]},"9":{"type":"branch","line":80,"loc":{"start":{"line":80,"column":7},"end":{"line":80,"column":53}},"locations":[{"start":{"line":80,"column":7},"end":{"line":80,"column":53}}]},"10":{"type":"branch","line":80,"loc":{"start":{"line":80,"column":53},"end":{"line":82,"column":3}},"locations":[{"start":{"line":80,"column":53},"end":{"line":82,"column":3}}]},"11":{"type":"branch","line":82,"loc":{"start":{"line":82,"column":2},"end":{"line":88,"column":1}},"locations":[{"start":{"line":82,"column":2},"end":{"line":88,"column":1}}]},"12":{"type":"branch","line":58,"loc":{"start":{"line":58,"column":39},"end":{"line":58,"column":75}},"locations":[{"start":{"line":58,"column":39},"end":{"line":58,"column":75}}]},"13":{"type":"branch","line":64,"loc":{"start":{"line":64,"column":4},"end":{"line":64,"column":46}},"locations":[{"start":{"line":64,"column":4},"end":{"line":64,"column":46}}]},"14":{"type":"branch","line":77,"loc":{"start":{"line":77,"column":22},"end":{"line":77,"column":66}},"locations":[{"start":{"line":77,"column":22},"end":{"line":77,"column":66}}]},"15":{"type":"branch","line":111,"loc":{"start":{"line":111,"column":34},"end":{"line":148,"column":1}},"locations":[{"start":{"line":111,"column":34},"end":{"line":148,"column":1}}]},"16":{"type":"branch","line":117,"loc":{"start":{"line":117,"column":21},"end":{"line":119,"column":3}},"locations":[{"start":{"line":117,"column":21},"end":{"line":119,"column":3}}]},"17":{"type":"branch","line":119,"loc":{"start":{"line":119,"column":2},"end":{"line":126,"column":31}},"locations":[{"start":{"line":119,"column":2},"end":{"line":126,"column":31}}]},"18":{"type":"branch","line":126,"loc":{"start":{"line":126,"column":31},"end":{"line":131,"column":3}},"locations":[{"start":{"line":126,"column":31},"end":{"line":131,"column":3}}]},"19":{"type":"branch","line":131,"loc":{"start":{"line":131,"column":2},"end":{"line":134,"column":35}},"locations":[{"start":{"line":131,"column":2},"end":{"line":134,"column":35}}]},"20":{"type":"branch","line":134,"loc":{"start":{"line":134,"column":35},"end":{"line":140,"column":24}},"locations":[{"start":{"line":134,"column":35},"end":{"line":140,"column":24}}]},"21":{"type":"branch","line":140,"loc":{"start":{"line":140,"column":7},"end":{"line":140,"column":61}},"locations":[{"start":{"line":140,"column":7},"end":{"line":140,"column":61}}]},"22":{"type":"branch","line":140,"loc":{"start":{"line":140,"column":61},"end":{"line":142,"column":3}},"locations":[{"start":{"line":140,"column":61},"end":{"line":142,"column":3}}]},"23":{"type":"branch","line":142,"loc":{"start":{"line":142,"column":2},"end":{"line":148,"column":1}},"locations":[{"start":{"line":142,"column":2},"end":{"line":148,"column":1}}]},"24":{"type":"branch","line":116,"loc":{"start":{"line":116,"column":39},"end":{"line":116,"column":75}},"locations":[{"start":{"line":116,"column":39},"end":{"line":116,"column":75}}]},"25":{"type":"branch","line":122,"loc":{"start":{"line":122,"column":4},"end":{"line":122,"column":46}},"locations":[{"start":{"line":122,"column":4},"end":{"line":122,"column":46}}]},"26":{"type":"branch","line":138,"loc":{"start":{"line":138,"column":40},"end":{"line":138,"column":88}},"locations":[{"start":{"line":138,"column":40},"end":{"line":138,"column":88}}]}},"b":{"0":[1],"1":[0],"2":[9],"3":[2],"4":[7],"5":[2],"6":[5],"7":[3],"8":[2],"9":[2],"10":[4],"11":[1],"12":[12],"13":[17],"14":[7],"15":[9],"16":[2],"17":[7],"18":[1],"19":[6],"20":[3],"21":[2],"22":[2],"23":[1],"24":[13],"25":[10],"26":[5]},"fnMap":{"0":{"name":"loadStoryIndex","decl":{"start":{"line":20,"column":30},"end":{"line":30,"column":1}},"loc":{"start":{"line":20,"column":30},"end":{"line":30,"column":1}},"line":20},"1":{"name":"getNextChapter","decl":{"start":{"line":53,"column":30},"end":{"line":88,"column":1}},"loc":{"start":{"line":53,"column":30},"end":{"line":88,"column":1}},"line":53},"2":{"name":"getPreviousChapter","decl":{"start":{"line":111,"column":34},"end":{"line":148,"column":1}},"loc":{"start":{"line":111,"column":34},"end":{"line":148,"column":1}},"line":111}},"f":{"0":1,"1":9,"2":9}}
}
